<?xml version="1.0" encoding="UTF-8"?>
<testsuite name="MinesweeperTest" tests="1" skipped="0" failures="0" errors="0" timestamp="2024-04-11T14:13:37" hostname="Quocs-MBP16.local" time="1.422">
  <properties/>
  <testcase name="start" classname="MinesweeperTest" time="1.422"/>
  <system-out><![CDATA[?[1;31m
Start test 1?[0m
How many mines do you want on the field? > 1
 |123456789|
-|---------|
1|.........|
2|.........|
3|.........|
4|.........|
5|.........|
6|.........|
7|.........|
8|.........|
9|.........|
-|---------|
Set/unset mines marks or claim a cell as free: > 4 1 mine
 |123456789|
-|---------|
1|...*.....|
2|.........|
3|.........|
4|.........|
5|.........|
6|.........|
7|.........|
8|.........|
9|.........|
-|---------|
Congratulations! You found all mines!
?[1;31m
Start test 2?[0m
How many mines do you want on the field? > 1
 |123456789|
-|---------|
1|.........|
2|.........|
3|.........|
4|.........|
5|.........|
6|.........|
7|.........|
8|.........|
9|.........|
-|---------|
Set/unset mines marks or claim a cell as free: > 1 1 free
 |123456789|
-|---------|
1|1........|
2|.........|
3|.........|
4|.........|
5|.........|
6|.........|
7|.........|
8|.........|
9|.........|
-|---------|
Set/unset mines marks or claim a cell as free: > 9 3 free
 |123456789|
-|---------|
1|1.1//////|
2|..1//////|
3|111//////|
4|/////////|
5|/////////|
6|/////////|
7|/////////|
8|/////////|
9|/////////|
-|---------|
Set/unset mines marks or claim a cell as free: > 2 1 mine
 |123456789|
-|---------|
1|1*1//////|
2|..1//////|
3|111//////|
4|/////////|
5|/////////|
6|/////////|
7|/////////|
8|/////////|
9|/////////|
-|---------|
Set/unset mines marks or claim a cell as free: > 2 1 mine
 |123456789|
-|---------|
1|1.1//////|
2|..1//////|
3|111//////|
4|/////////|
5|/////////|
6|/////////|
7|/////////|
8|/////////|
9|/////////|
-|---------|
Set/unset mines marks or claim a cell as free: > 2 2 free
 |123456789|
-|---------|
1|1.1//////|
2|.X1//////|
3|111//////|
4|/////////|
5|/////////|
6|/////////|
7|/////////|
8|/////////|
9|/////////|
-|---------|
You stepped on a mine and failed!
?[1;31m
Start test 3?[0m
How many mines do you want on the field? > 1
 |123456789|
-|---------|
1|.........|
2|.........|
3|.........|
4|.........|
5|.........|
6|.........|
7|.........|
8|.........|
9|.........|
-|---------|
Set/unset mines marks or claim a cell as free: > 2 6 free
 |123456789|
-|---------|
1|/////////|
2|/////////|
3|/////////|
4|/////////|
5|/////////|
6|/////////|
7|/////////|
8|///111///|
9|///1.1///|
-|---------|
Congratulations! You found all mines!
?[1;31m
Start test 4?[0m
How many mines do you want on the field? > 1
 |123456789|
-|---------|
1|.........|
2|.........|
3|.........|
4|.........|
5|.........|
6|.........|
7|.........|
8|.........|
9|.........|
-|---------|
Set/unset mines marks or claim a cell as free: > 1 6 free
 |123456789|
-|---------|
1|/////////|
2|/////////|
3|/////////|
4|/////////|
5|/////////|
6|/////////|
7|/////////|
8|/////111/|
9|/////1.1/|
-|---------|
Congratulations! You found all mines!
?[1;31m
Start test 5?[0m
How many mines do you want on the field? > 1
 |123456789|
-|---------|
1|.........|
2|.........|
3|.........|
4|.........|
5|.........|
6|.........|
7|.........|
8|.........|
9|.........|
-|---------|
Set/unset mines marks or claim a cell as free: > 6 4 mine
 |123456789|
-|---------|
1|.........|
2|.........|
3|.........|
4|.....*...|
5|.........|
6|.........|
7|.........|
8|.........|
9|.........|
-|---------|
Set/unset mines marks or claim a cell as free: > 6 9 free
 |123456789|
-|---------|
1|/////////|
2|/////////|
3|/////////|
4|/////////|
5|/////////|
6|/////////|
7|/////////|
8|/111/////|
9|/1.1/////|
-|---------|
Congratulations! You found all mines!
?[1;31m
Start test 6?[0m
How many mines do you want on the field? > 1
 |123456789|
-|---------|
1|.........|
2|.........|
3|.........|
4|.........|
5|.........|
6|.........|
7|.........|
8|.........|
9|.........|
-|---------|
Set/unset mines marks or claim a cell as free: > 2 2 free
 |123456789|
-|---------|
1|/////////|
2|///111///|
3|///1.1///|
4|///111///|
5|/////////|
6|/////////|
7|/////////|
8|/////////|
9|/////////|
-|---------|
Congratulations! You found all mines!
?[1;31m
Start test 7?[0m
How many mines do you want on the field? > 1
 |123456789|
-|---------|
1|.........|
2|.........|
3|.........|
4|.........|
5|.........|
6|.........|
7|.........|
8|.........|
9|.........|
-|---------|
Set/unset mines marks or claim a cell as free: > 5 1 free
 |123456789|
-|---------|
1|/////////|
2|/////////|
3|/////////|
4|/////////|
5|/////////|
6|/////////|
7|//////111|
8|//////1..|
9|//////1..|
-|---------|
Set/unset mines marks or claim a cell as free: > 8 8 mine
 |123456789|
-|---------|
1|/////////|
2|/////////|
3|/////////|
4|/////////|
5|/////////|
6|/////////|
7|//////111|
8|//////1*.|
9|//////1..|
-|---------|
Congratulations! You found all mines!
?[1;31m
Start test 8?[0m
How many mines do you want on the field? > 1
 |123456789|
-|---------|
1|.........|
2|.........|
3|.........|
4|.........|
5|.........|
6|.........|
7|.........|
8|.........|
9|.........|
-|---------|
Set/unset mines marks or claim a cell as free: > 2 9 mine
 |123456789|
-|---------|
1|.........|
2|.........|
3|.........|
4|.........|
5|.........|
6|.........|
7|.........|
8|.........|
9|.*.......|
-|---------|
Set/unset mines marks or claim a cell as free: > 2 7 free
 |123456789|
-|---------|
1|/////////|
2|/////////|
3|/////////|
4|/////111/|
5|/////1.1/|
6|/////111/|
7|/////////|
8|/////////|
9|/////////|
-|---------|
Congratulations! You found all mines!
?[1;31m
Start test 9?[0m
How many mines do you want on the field? > 1
 |123456789|
-|---------|
1|.........|
2|.........|
3|.........|
4|.........|
5|.........|
6|.........|
7|.........|
8|.........|
9|.........|
-|---------|
Set/unset mines marks or claim a cell as free: > 7 8 free
 |123456789|
-|---------|
1|/////////|
2|/////////|
3|/////////|
4|/////////|
5|/////////|
6|/////////|
7|/////////|
8|///111///|
9|///1.1///|
-|---------|
Congratulations! You found all mines!
?[1;31m
Start test 10?[0m
How many mines do you want on the field? > 1
 |123456789|
-|---------|
1|.........|
2|.........|
3|.........|
4|.........|
5|.........|
6|.........|
7|.........|
8|.........|
9|.........|
-|---------|
Set/unset mines marks or claim a cell as free: > 2 5 free
 |123456789|
-|---------|
1|/////////|
2|/////////|
3|///////11|
4|///////1.|
5|///////11|
6|/////////|
7|/////////|
8|/////////|
9|/////////|
-|---------|
Congratulations! You found all mines!
?[1;31m
Start test 11?[0m
How many mines do you want on the field? > 1
 |123456789|
-|---------|
1|.........|
2|.........|
3|.........|
4|.........|
5|.........|
6|.........|
7|.........|
8|.........|
9|.........|
-|---------|
Set/unset mines marks or claim a cell as free: > 8 3 free
 |123456789|
-|---------|
1|/////////|
2|/////////|
3|/////////|
4|/////////|
5|/////////|
6|/////////|
7|///111///|
8|///1.1///|
9|///1.1///|
-|---------|
Set/unset mines marks or claim a cell as free: > 5 9 mine
 |123456789|
-|---------|
1|/////////|
2|/////////|
3|/////////|
4|/////////|
5|/////////|
6|/////////|
7|///111///|
8|///1.1///|
9|///1*1///|
-|---------|
Set/unset mines marks or claim a cell as free: > 5 9 mine
 |123456789|
-|---------|
1|/////////|
2|/////////|
3|/////////|
4|/////////|
5|/////////|
6|/////////|
7|///111///|
8|///1.1///|
9|///1.1///|
-|---------|
Set/unset mines marks or claim a cell as free: > 5 8 mine
 |123456789|
-|---------|
1|/////////|
2|/////////|
3|/////////|
4|/////////|
5|/////////|
6|/////////|
7|///111///|
8|///1*1///|
9|///1.1///|
-|---------|
Congratulations! You found all mines!
?[1;31m
Start test 12?[0m
How many mines do you want on the field? > 1
 |123456789|
-|---------|
1|.........|
2|.........|
3|.........|
4|.........|
5|.........|
6|.........|
7|.........|
8|.........|
9|.........|
-|---------|
Set/unset mines marks or claim a cell as free: > 7 3 free
 |123456789|
-|---------|
1|/1.1/////|
2|/111/////|
3|/////////|
4|/////////|
5|/////////|
6|/////////|
7|/////////|
8|/////////|
9|/////////|
-|---------|
Congratulations! You found all mines!
?[1;31m
Start test 13?[0m
How many mines do you want on the field? > 1
 |123456789|
-|---------|
1|.........|
2|.........|
3|.........|
4|.........|
5|.........|
6|.........|
7|.........|
8|.........|
9|.........|
-|---------|
Set/unset mines marks or claim a cell as free: > 1 3 mine
 |123456789|
-|---------|
1|.........|
2|.........|
3|*........|
4|.........|
5|.........|
6|.........|
7|.........|
8|.........|
9|.........|
-|---------|
Set/unset mines marks or claim a cell as free: > 2 8 free
 |123456789|
-|---------|
1|/////////|
2|/////////|
3|/////////|
4|/////////|
5|/////////|
6|/////////|
7|//////111|
8|//////1..|
9|//////1..|
-|---------|
Set/unset mines marks or claim a cell as free: > 8 9 free
 |123456789|
-|---------|
1|/////////|
2|/////////|
3|/////////|
4|/////////|
5|/////////|
6|/////////|
7|//////111|
8|//////1..|
9|//////11.|
-|---------|
Set/unset mines marks or claim a cell as free: > 8 8 free
 |123456789|
-|---------|
1|/////////|
2|/////////|
3|/////////|
4|/////////|
5|/////////|
6|/////////|
7|//////111|
8|//////1X.|
9|//////11.|
-|---------|
You stepped on a mine and failed!
?[1;31m
Start test 14?[0m
How many mines do you want on the field? > 1
 |123456789|
-|---------|
1|.........|
2|.........|
3|.........|
4|.........|
5|.........|
6|.........|
7|.........|
8|.........|
9|.........|
-|---------|
Set/unset mines marks or claim a cell as free: > 7 2 free
 |123456789|
-|---------|
1|/////////|
2|/////////|
3|/111/////|
4|/1.1/////|
5|/111/////|
6|/////////|
7|/////////|
8|/////////|
9|/////////|
-|---------|
Congratulations! You found all mines!
?[1;31m
Start test 15?[0m
How many mines do you want on the field? > 1
 |123456789|
-|---------|
1|.........|
2|.........|
3|.........|
4|.........|
5|.........|
6|.........|
7|.........|
8|.........|
9|.........|
-|---------|
Set/unset mines marks or claim a cell as free: > 3 9 free
 |123456789|
-|---------|
1|/////////|
2|/////////|
3|//////111|
4|//////1..|
5|//////111|
6|/////////|
7|/////////|
8|/////////|
9|/////////|
-|---------|
Set/unset mines marks or claim a cell as free: > 9 4 free
 |123456789|
-|---------|
1|/////////|
2|/////////|
3|//////111|
4|//////1.1|
5|//////111|
6|/////////|
7|/////////|
8|/////////|
9|/////////|
-|---------|
Congratulations! You found all mines!
?[1;31m
Start test 16?[0m
How many mines do you want on the field? > 1
 |123456789|
-|---------|
1|.........|
2|.........|
3|.........|
4|.........|
5|.........|
6|.........|
7|.........|
8|.........|
9|.........|
-|---------|
Set/unset mines marks or claim a cell as free: > 4 8 mine
 |123456789|
-|---------|
1|.........|
2|.........|
3|.........|
4|.........|
5|.........|
6|.........|
7|.........|
8|...*.....|
9|.........|
-|---------|
Set/unset mines marks or claim a cell as free: > 6 1 mine
 |123456789|
-|---------|
1|.....*...|
2|.........|
3|.........|
4|.........|
5|.........|
6|.........|
7|.........|
8|...*.....|
9|.........|
-|---------|
Set/unset mines marks or claim a cell as free: > 1 7 free
 |123456789|
-|---------|
1|/////////|
2|/////////|
3|/////////|
4|/////////|
5|/////////|
6|/////////|
7|/////////|
8|11///////|
9|.1///////|
-|---------|
Congratulations! You found all mines!
?[1;31m
Start test 17?[0m
How many mines do you want on the field? > 1
 |123456789|
-|---------|
1|.........|
2|.........|
3|.........|
4|.........|
5|.........|
6|.........|
7|.........|
8|.........|
9|.........|
-|---------|
Set/unset mines marks or claim a cell as free: > 6 5 mine
 |123456789|
-|---------|
1|.........|
2|.........|
3|.........|
4|.........|
5|.....*...|
6|.........|
7|.........|
8|.........|
9|.........|
-|---------|
Set/unset mines marks or claim a cell as free: > 7 2 free
 |123456789|
-|---------|
1|..1//////|
2|..1//////|
3|111//////|
4|/////////|
5|/////////|
6|/////////|
7|/////////|
8|/////////|
9|/////////|
-|---------|
Set/unset mines marks or claim a cell as free: > 1 1 mine
 |123456789|
-|---------|
1|*.1//////|
2|..1//////|
3|111//////|
4|/////////|
5|/////////|
6|/////////|
7|/////////|
8|/////////|
9|/////////|
-|---------|
Set/unset mines marks or claim a cell as free: > 1 2 free
 |123456789|
-|---------|
1|*.1//////|
2|1.1//////|
3|111//////|
4|/////////|
5|/////////|
6|/////////|
7|/////////|
8|/////////|
9|/////////|
-|---------|
Set/unset mines marks or claim a cell as free: > 2 2 mine
 |123456789|
-|---------|
1|*.1//////|
2|1*1//////|
3|111//////|
4|/////////|
5|/////////|
6|/////////|
7|/////////|
8|/////////|
9|/////////|
-|---------|
Set/unset mines marks or claim a cell as free: > 1 1 mine
 |123456789|
-|---------|
1|..1//////|
2|1*1//////|
3|111//////|
4|/////////|
5|/////////|
6|/////////|
7|/////////|
8|/////////|
9|/////////|
-|---------|
Set/unset mines marks or claim a cell as free: > 2 2 mine
 |123456789|
-|---------|
1|..1//////|
2|1.1//////|
3|111//////|
4|/////////|
5|/////////|
6|/////////|
7|/////////|
8|/////////|
9|/////////|
-|---------|
Set/unset mines marks or claim a cell as free: > 2 1 mine
 |123456789|
-|---------|
1|.*1//////|
2|1.1//////|
3|111//////|
4|/////////|
5|/////////|
6|/////////|
7|/////////|
8|/////////|
9|/////////|
-|---------|
Set/unset mines marks or claim a cell as free: > 1 1 free
 |123456789|
-|---------|
1|1*1//////|
2|1.1//////|
3|111//////|
4|/////////|
5|/////////|
6|/////////|
7|/////////|
8|/////////|
9|/////////|
-|---------|
Set/unset mines marks or claim a cell as free: > 2 2 mine
 |123456789|
-|---------|
1|1*1//////|
2|1*1//////|
3|111//////|
4|/////////|
5|/////////|
6|/////////|
7|/////////|
8|/////////|
9|/////////|
-|---------|
Set/unset mines marks or claim a cell as free: > 2 1 mine
 |123456789|
-|---------|
1|1.1//////|
2|1*1//////|
3|111//////|
4|/////////|
5|/////////|
6|/////////|
7|/////////|
8|/////////|
9|/////////|
-|---------|
Set/unset mines marks or claim a cell as free: > 2 1 free
 |123456789|
-|---------|
1|111//////|
2|1*1//////|
3|111//////|
4|/////////|
5|/////////|
6|/////////|
7|/////////|
8|/////////|
9|/////////|
-|---------|
Congratulations! You found all mines!
?[1;31m
Start test 18?[0m
How many mines do you want on the field? > 1
 |123456789|
-|---------|
1|.........|
2|.........|
3|.........|
4|.........|
5|.........|
6|.........|
7|.........|
8|.........|
9|.........|
-|---------|
Set/unset mines marks or claim a cell as free: > 4 9 mine
 |123456789|
-|---------|
1|.........|
2|.........|
3|.........|
4|.........|
5|.........|
6|.........|
7|.........|
8|.........|
9|...*.....|
-|---------|
Set/unset mines marks or claim a cell as free: > 4 9 mine
 |123456789|
-|---------|
1|.........|
2|.........|
3|.........|
4|.........|
5|.........|
6|.........|
7|.........|
8|.........|
9|.........|
-|---------|
Set/unset mines marks or claim a cell as free: > 9 9 free
 |123456789|
-|---------|
1|/////////|
2|/111/////|
3|/1.1/////|
4|/111/////|
5|/////////|
6|/////////|
7|/////////|
8|/////////|
9|/////////|
-|---------|
Congratulations! You found all mines!
?[1;31m
Start test 19?[0m
How many mines do you want on the field? > 1
 |123456789|
-|---------|
1|.........|
2|.........|
3|.........|
4|.........|
5|.........|
6|.........|
7|.........|
8|.........|
9|.........|
-|---------|
Set/unset mines marks or claim a cell as free: > 8 6 free
 |123456789|
-|---------|
1|//1.1////|
2|//1.1////|
3|//111////|
4|/////////|
5|/////////|
6|/////////|
7|/////////|
8|/////////|
9|/////////|
-|---------|
Set/unset mines marks or claim a cell as free: > 4 2 mine
 |123456789|
-|---------|
1|//1.1////|
2|//1*1////|
3|//111////|
4|/////////|
5|/////////|
6|/////////|
7|/////////|
8|/////////|
9|/////////|
-|---------|
Congratulations! You found all mines!
?[1;31m
Start test 20?[0m
How many mines do you want on the field? > 1
 |123456789|
-|---------|
1|.........|
2|.........|
3|.........|
4|.........|
5|.........|
6|.........|
7|.........|
8|.........|
9|.........|
-|---------|
Set/unset mines marks or claim a cell as free: > 3 1 free
 |123456789|
-|---------|
1|/////////|
2|/////////|
3|/////////|
4|/////////|
5|/////////|
6|/////////|
7|//////111|
8|//////1..|
9|//////1..|
-|---------|
Set/unset mines marks or claim a cell as free: > 8 8 free
 |123456789|
-|---------|
1|/////////|
2|/////////|
3|/////////|
4|/////////|
5|/////////|
6|/////////|
7|//////111|
8|//////1X.|
9|//////1..|
-|---------|
You stepped on a mine and failed!
?[1;31m
Start test 21?[0m
How many mines do you want on the field? > 2
 |123456789|
-|---------|
1|.........|
2|.........|
3|.........|
4|.........|
5|.........|
6|.........|
7|.........|
8|.........|
9|.........|
-|---------|
Set/unset mines marks or claim a cell as free: > 9 4 free
 |123456789|
-|---------|
1|.1/1.1///|
2|11/1.1///|
3|///111///|
4|/////////|
5|/////////|
6|/////////|
7|/////////|
8|/////////|
9|/////////|
-|---------|
Set/unset mines marks or claim a cell as free: > 5 1 free
 |123456789|
-|---------|
1|.1/111///|
2|11/1.1///|
3|///111///|
4|/////////|
5|/////////|
6|/////////|
7|/////////|
8|/////////|
9|/////////|
-|---------|
Congratulations! You found all mines!
?[1;31m
Start test 22?[0m
How many mines do you want on the field? > 2
 |123456789|
-|---------|
1|.........|
2|.........|
3|.........|
4|.........|
5|.........|
6|.........|
7|.........|
8|.........|
9|.........|
-|---------|
Set/unset mines marks or claim a cell as free: > 3 3 free
 |123456789|
-|---------|
1|/////////|
2|/////////|
3|/////////|
4|111//////|
5|..1/111//|
6|111/1.1//|
7|////111//|
8|/////////|
9|/////////|
-|---------|
Set/unset mines marks or claim a cell as free: > 1 5 free
 |123456789|
-|---------|
1|/////////|
2|/////////|
3|/////////|
4|111//////|
5|1.1/111//|
6|111/1.1//|
7|////111//|
8|/////////|
9|/////////|
-|---------|
Congratulations! You found all mines!
?[1;31m
Start test 23?[0m
How many mines do you want on the field? > 2
 |123456789|
-|---------|
1|.........|
2|.........|
3|.........|
4|.........|
5|.........|
6|.........|
7|.........|
8|.........|
9|.........|
-|---------|
Set/unset mines marks or claim a cell as free: > 9 1 free
 |123456789|
-|---------|
1|/1....1//|
2|/1.1111//|
3|/111/////|
4|/////////|
5|/////////|
6|/////////|
7|/////////|
8|/////////|
9|/////////|
-|---------|
Set/unset mines marks or claim a cell as free: > 3 2 free
 |123456789|
-|---------|
1|/1...X1//|
2|/1X1111//|
3|/111/////|
4|/////////|
5|/////////|
6|/////////|
7|/////////|
8|/////////|
9|/////////|
-|---------|
You stepped on a mine and failed!
?[1;31m
Start test 24?[0m
How many mines do you want on the field? > 2
 |123456789|
-|---------|
1|.........|
2|.........|
3|.........|
4|.........|
5|.........|
6|.........|
7|.........|
8|.........|
9|.........|
-|---------|
Set/unset mines marks or claim a cell as free: > 3 6 free
 |123456789|
-|---------|
1|/////////|
2|1221/////|
3|...1/////|
4|1221/////|
5|/////////|
6|/////////|
7|/////////|
8|/////////|
9|/////////|
-|---------|
Set/unset mines marks or claim a cell as free: > 2 3 free
 |123456789|
-|---------|
1|/////////|
2|1221/////|
3|.XX1/////|
4|1221/////|
5|/////////|
6|/////////|
7|/////////|
8|/////////|
9|/////////|
-|---------|
You stepped on a mine and failed!
?[1;31m
Start test 25?[0m
How many mines do you want on the field? > 2
 |123456789|
-|---------|
1|.........|
2|.........|
3|.........|
4|.........|
5|.........|
6|.........|
7|.........|
8|.........|
9|.........|
-|---------|
Set/unset mines marks or claim a cell as free: > 7 2 mine
 |123456789|
-|---------|
1|.........|
2|......*..|
3|.........|
4|.........|
5|.........|
6|.........|
7|.........|
8|.........|
9|.........|
-|---------|
Set/unset mines marks or claim a cell as free: > 2 4 mine
 |123456789|
-|---------|
1|.........|
2|......*..|
3|.........|
4|.*.......|
5|.........|
6|.........|
7|.........|
8|.........|
9|.........|
-|---------|
Set/unset mines marks or claim a cell as free: > 7 2 mine
 |123456789|
-|---------|
1|.........|
2|.........|
3|.........|
4|.*.......|
5|.........|
6|.........|
7|.........|
8|.........|
9|.........|
-|---------|
Set/unset mines marks or claim a cell as free: > 4 3 mine
 |123456789|
-|---------|
1|.........|
2|.........|
3|...*.....|
4|.*.......|
5|.........|
6|.........|
7|.........|
8|.........|
9|.........|
-|---------|
Set/unset mines marks or claim a cell as free: > 2 4 mine
 |123456789|
-|---------|
1|.........|
2|.........|
3|...*.....|
4|.........|
5|.........|
6|.........|
7|.........|
8|.........|
9|.........|
-|---------|
Set/unset mines marks or claim a cell as free: > 5 3 mine
 |123456789|
-|---------|
1|.........|
2|.........|
3|...**....|
4|.........|
5|.........|
6|.........|
7|.........|
8|.........|
9|.........|
-|---------|
Set/unset mines marks or claim a cell as free: > 4 3 mine
 |123456789|
-|---------|
1|.........|
2|.........|
3|....*....|
4|.........|
5|.........|
6|.........|
7|.........|
8|.........|
9|.........|
-|---------|
Set/unset mines marks or claim a cell as free: > 5 3 mine
 |123456789|
-|---------|
1|.........|
2|.........|
3|.........|
4|.........|
5|.........|
6|.........|
7|.........|
8|.........|
9|.........|
-|---------|
Set/unset mines marks or claim a cell as free: > 2 3 free
 |123456789|
-|---------|
1|////1.1//|
2|////1.1//|
3|////111//|
4|/////////|
5|/////////|
6|111//////|
7|..1//////|
8|111//////|
9|/////////|
-|---------|
Set/unset mines marks or claim a cell as free: > 1 7 free
 |123456789|
-|---------|
1|////1.1//|
2|////1.1//|
3|////111//|
4|/////////|
5|/////////|
6|111//////|
7|1.1//////|
8|111//////|
9|/////////|
-|---------|
Set/unset mines marks or claim a cell as free: > 6 2 free
 |123456789|
-|---------|
1|////1.1//|
2|////1X1//|
3|////111//|
4|/////////|
5|/////////|
6|111//////|
7|1X1//////|
8|111//////|
9|/////////|
-|---------|
You stepped on a mine and failed!
?[1;31m
Start test 26?[0m
How many mines do you want on the field? > 2
 |123456789|
-|---------|
1|.........|
2|.........|
3|.........|
4|.........|
5|.........|
6|.........|
7|.........|
8|.........|
9|.........|
-|---------|
Set/unset mines marks or claim a cell as free: > 1 4 mine
 |123456789|
-|---------|
1|.........|
2|.........|
3|.........|
4|*........|
5|.........|
6|.........|
7|.........|
8|.........|
9|.........|
-|---------|
Set/unset mines marks or claim a cell as free: > 9 7 free
 |123456789|
-|---------|
1|//1.1////|
2|//1.1////|
3|//1221///|
4|///1.1///|
5|///111///|
6|/////////|
7|/////////|
8|/////////|
9|/////////|
-|---------|
Set/unset mines marks or claim a cell as free: > 5 4 free
 |123456789|
-|---------|
1|//1.1////|
2|//1X1////|
3|//1221///|
4|///1X1///|
5|///111///|
6|/////////|
7|/////////|
8|/////////|
9|/////////|
-|---------|
You stepped on a mine and failed!
?[1;31m
Start test 27?[0m
How many mines do you want on the field? > 2
 |123456789|
-|---------|
1|.........|
2|.........|
3|.........|
4|.........|
5|.........|
6|.........|
7|.........|
8|.........|
9|.........|
-|---------|
Set/unset mines marks or claim a cell as free: > 9 3 free
 |123456789|
-|---------|
1|..1//////|
2|1221/////|
3|/1.1/////|
4|/111/////|
5|/////////|
6|/////////|
7|/////////|
8|/////////|
9|/////////|
-|---------|
Set/unset mines marks or claim a cell as free: > 3 3 free
 |123456789|
-|---------|
1|.X1//////|
2|1221/////|
3|/1X1/////|
4|/111/////|
5|/////////|
6|/////////|
7|/////////|
8|/////////|
9|/////////|
-|---------|
You stepped on a mine and failed!
?[1;31m
Start test 28?[0m
How many mines do you want on the field? > 2
 |123456789|
-|---------|
1|.........|
2|.........|
3|.........|
4|.........|
5|.........|
6|.........|
7|.........|
8|.........|
9|.........|
-|---------|
Set/unset mines marks or claim a cell as free: > 9 8 free
 |123456789|
-|---------|
1|/////////|
2|/////////|
3|11///////|
4|.1////111|
5|11////1..|
6|//////111|
7|/////////|
8|/////////|
9|/////////|
-|---------|
Set/unset mines marks or claim a cell as free: > 1 4 free
 |123456789|
-|---------|
1|/////////|
2|/////////|
3|11///////|
4|X1////111|
5|11////1X.|
6|//////111|
7|/////////|
8|/////////|
9|/////////|
-|---------|
You stepped on a mine and failed!
?[1;31m
Start test 29?[0m
How many mines do you want on the field? > 2
 |123456789|
-|---------|
1|.........|
2|.........|
3|.........|
4|.........|
5|.........|
6|.........|
7|.........|
8|.........|
9|.........|
-|---------|
Set/unset mines marks or claim a cell as free: > 9 3 free
 |123456789|
-|---------|
1|/////////|
2|/////////|
3|/////////|
4|/////////|
5|11///////|
6|.211/////|
7|12.1/////|
8|/111/////|
9|/////////|
-|---------|
Congratulations! You found all mines!
?[1;31m
Start test 30?[0m
How many mines do you want on the field? > 2
 |123456789|
-|---------|
1|.........|
2|.........|
3|.........|
4|.........|
5|.........|
6|.........|
7|.........|
8|.........|
9|.........|
-|---------|
Set/unset mines marks or claim a cell as free: > 5 2 free
 |123456789|
-|---------|
1|.........|
2|....1....|
3|.........|
4|.........|
5|.........|
6|.........|
7|.........|
8|.........|
9|.........|
-|---------|
Set/unset mines marks or claim a cell as free: > 7 3 mine
 |123456789|
-|---------|
1|.........|
2|....1....|
3|......*..|
4|.........|
5|.........|
6|.........|
7|.........|
8|.........|
9|.........|
-|---------|
Set/unset mines marks or claim a cell as free: > 7 1 mine
 |123456789|
-|---------|
1|......*..|
2|....1....|
3|......*..|
4|.........|
5|.........|
6|.........|
7|.........|
8|.........|
9|.........|
-|---------|
Set/unset mines marks or claim a cell as free: > 9 7 free
 |123456789|
-|---------|
1|/////////|
2|///111///|
3|///1.1///|
4|///111///|
5|/////////|
6|/////////|
7|11///////|
8|.1///////|
9|.1///////|
-|---------|
Set/unset mines marks or claim a cell as free: > 5 3 free
 |123456789|
-|---------|
1|/////////|
2|///111///|
3|///1X1///|
4|///111///|
5|/////////|
6|/////////|
7|11///////|
8|X1///////|
9|.1///////|
-|---------|
You stepped on a mine and failed!
?[1;31m
Start test 31?[0m
How many mines do you want on the field? > 2
 |123456789|
-|---------|
1|.........|
2|.........|
3|.........|
4|.........|
5|.........|
6|.........|
7|.........|
8|.........|
9|.........|
-|---------|
Set/unset mines marks or claim a cell as free: > 4 5 mine
 |123456789|
-|---------|
1|.........|
2|.........|
3|.........|
4|.........|
5|...*.....|
6|.........|
7|.........|
8|.........|
9|.........|
-|---------|
Set/unset mines marks or claim a cell as free: > 2 3 free
 |123456789|
-|---------|
1|///////1.|
2|///////11|
3|/////////|
4|/////////|
5|///111///|
6|///1.1///|
7|///111///|
8|/////////|
9|/////////|
-|---------|
Congratulations! You found all mines!
?[1;31m
Start test 32?[0m
How many mines do you want on the field? > 2
 |123456789|
-|---------|
1|.........|
2|.........|
3|.........|
4|.........|
5|.........|
6|.........|
7|.........|
8|.........|
9|.........|
-|---------|
Set/unset mines marks or claim a cell as free: > 6 4 free
 |123456789|
-|---------|
1|/////////|
2|/////////|
3|/////////|
4|/////////|
5|/////////|
6|11/111///|
7|.1/1.1///|
8|11/111///|
9|/////////|
-|---------|
Congratulations! You found all mines!
?[1;31m
Start test 33?[0m
How many mines do you want on the field? > 2
 |123456789|
-|---------|
1|.........|
2|.........|
3|.........|
4|.........|
5|.........|
6|.........|
7|.........|
8|.........|
9|.........|
-|---------|
Set/unset mines marks or claim a cell as free: > 4 4 mine
 |123456789|
-|---------|
1|.........|
2|.........|
3|.........|
4|...*.....|
5|.........|
6|.........|
7|.........|
8|.........|
9|.........|
-|---------|
Set/unset mines marks or claim a cell as free: > 4 8 free
 |123456789|
-|---------|
1|//1.1/1..|
2|//1.1/1..|
3|//111/111|
4|/////////|
5|/////////|
6|/////////|
7|/////////|
8|/////////|
9|/////////|
-|---------|
Set/unset mines marks or claim a cell as free: > 4 2 free
 |123456789|
-|---------|
1|//1.1/1..|
2|//1X1/1X.|
3|//111/111|
4|/////////|
5|/////////|
6|/////////|
7|/////////|
8|/////////|
9|/////////|
-|---------|
You stepped on a mine and failed!
?[1;31m
Start test 34?[0m
How many mines do you want on the field? > 2
 |123456789|
-|---------|
1|.........|
2|.........|
3|.........|
4|.........|
5|.........|
6|.........|
7|.........|
8|.........|
9|.........|
-|---------|
Set/unset mines marks or claim a cell as free: > 5 1 mine
 |123456789|
-|---------|
1|....*....|
2|.........|
3|.........|
4|.........|
5|.........|
6|.........|
7|.........|
8|.........|
9|.........|
-|---------|
Set/unset mines marks or claim a cell as free: > 5 1 mine
 |123456789|
-|---------|
1|.........|
2|.........|
3|.........|
4|.........|
5|.........|
6|.........|
7|.........|
8|.........|
9|.........|
-|---------|
Set/unset mines marks or claim a cell as free: > 2 1 free
 |123456789|
-|---------|
1|//////1..|
2|//////111|
3|/////////|
4|/////////|
5|/////////|
6|///111///|
7|///1.1///|
8|///111///|
9|/////////|
-|---------|
Set/unset mines marks or claim a cell as free: > 5 7 free
 |123456789|
-|---------|
1|//////1X.|
2|//////111|
3|/////////|
4|/////////|
5|/////////|
6|///111///|
7|///1X1///|
8|///111///|
9|/////////|
-|---------|
You stepped on a mine and failed!
?[1;31m
Start test 35?[0m
How many mines do you want on the field? > 2
 |123456789|
-|---------|
1|.........|
2|.........|
3|.........|
4|.........|
5|.........|
6|.........|
7|.........|
8|.........|
9|.........|
-|---------|
Set/unset mines marks or claim a cell as free: > 1 9 free
 |123456789|
-|---------|
1|/////////|
2|/////////|
3|/////////|
4|/////////|
5|/111/////|
6|/1.1/////|
7|/111/////|
8|///////11|
9|///////1.|
-|---------|
Congratulations! You found all mines!
?[1;31m
Start test 36?[0m
How many mines do you want on the field? > 2
 |123456789|
-|---------|
1|.........|
2|.........|
3|.........|
4|.........|
5|.........|
6|.........|
7|.........|
8|.........|
9|.........|
-|---------|
Set/unset mines marks or claim a cell as free: > 9 1 mine
 |123456789|
-|---------|
1|........*|
2|.........|
3|.........|
4|.........|
5|.........|
6|.........|
7|.........|
8|.........|
9|.........|
-|---------|
Set/unset mines marks or claim a cell as free: > 9 1 mine
 |123456789|
-|---------|
1|.........|
2|.........|
3|.........|
4|.........|
5|.........|
6|.........|
7|.........|
8|.........|
9|.........|
-|---------|
Set/unset mines marks or claim a cell as free: > 9 7 free
 |123456789|
-|---------|
1|.........|
2|.........|
3|.........|
4|.........|
5|.........|
6|.........|
7|........1|
8|.........|
9|.........|
-|---------|
Set/unset mines marks or claim a cell as free: > 9 3 free
 |123456789|
-|---------|
1|/////////|
2|/////////|
3|/////////|
4|/////111/|
5|/////1.1/|
6|/////1221|
7|//////1.1|
8|//////111|
9|/////////|
-|---------|
Congratulations! You found all mines!
?[1;31m
Start test 37?[0m
How many mines do you want on the field? > 2
 |123456789|
-|---------|
1|.........|
2|.........|
3|.........|
4|.........|
5|.........|
6|.........|
7|.........|
8|.........|
9|.........|
-|---------|
Set/unset mines marks or claim a cell as free: > 5 8 free
 |123456789|
-|---------|
1|///1.1///|
2|///111///|
3|/////111/|
4|/////1.1/|
5|/////111/|
6|/////////|
7|/////////|
8|/////////|
9|/////////|
-|---------|
Congratulations! You found all mines!
?[1;31m
Start test 38?[0m
How many mines do you want on the field? > 2
 |123456789|
-|---------|
1|.........|
2|.........|
3|.........|
4|.........|
5|.........|
6|.........|
7|.........|
8|.........|
9|.........|
-|---------|
Set/unset mines marks or claim a cell as free: > 4 8 mine
 |123456789|
-|---------|
1|.........|
2|.........|
3|.........|
4|.........|
5|.........|
6|.........|
7|.........|
8|...*.....|
9|.........|
-|---------|
Set/unset mines marks or claim a cell as free: > 4 8 mine
 |123456789|
-|---------|
1|.........|
2|.........|
3|.........|
4|.........|
5|.........|
6|.........|
7|.........|
8|.........|
9|.........|
-|---------|
Set/unset mines marks or claim a cell as free: > 8 6 mine
 |123456789|
-|---------|
1|.........|
2|.........|
3|.........|
4|.........|
5|.........|
6|.......*.|
7|.........|
8|.........|
9|.........|
-|---------|
Set/unset mines marks or claim a cell as free: > 2 8 mine
 |123456789|
-|---------|
1|.........|
2|.........|
3|.........|
4|.........|
5|.........|
6|.......*.|
7|.........|
8|.*.......|
9|.........|
-|---------|
Set/unset mines marks or claim a cell as free: > 8 5 mine
 |123456789|
-|---------|
1|.........|
2|.........|
3|.........|
4|.........|
5|.......*.|
6|.......*.|
7|.........|
8|.*.......|
9|.........|
-|---------|
Set/unset mines marks or claim a cell as free: > 8 6 mine
 |123456789|
-|---------|
1|.........|
2|.........|
3|.........|
4|.........|
5|.......*.|
6|.........|
7|.........|
8|.*.......|
9|.........|
-|---------|
Set/unset mines marks or claim a cell as free: > 7 4 free
 |123456789|
-|---------|
1|/////////|
2|/////////|
3|/////////|
4|/////////|
5|/////////|
6|/////111/|
7|/////1.1/|
8|///11211/|
9|///1.1///|
-|---------|
Congratulations! You found all mines!
?[1;31m
Start test 39?[0m
How many mines do you want on the field? > 2
 |123456789|
-|---------|
1|.........|
2|.........|
3|.........|
4|.........|
5|.........|
6|.........|
7|.........|
8|.........|
9|.........|
-|---------|
Set/unset mines marks or claim a cell as free: > 4 9 mine
 |123456789|
-|---------|
1|.........|
2|.........|
3|.........|
4|.........|
5|.........|
6|.........|
7|.........|
8|.........|
9|...*.....|
-|---------|
Set/unset mines marks or claim a cell as free: > 9 6 free
 |123456789|
-|---------|
1|.........|
2|.........|
3|.........|
4|.........|
5|.........|
6|........X|
7|.........|
8|..X......|
9|...*.....|
-|---------|
You stepped on a mine and failed!
?[1;31m
Start test 40?[0m
How many mines do you want on the field? > 2
 |123456789|
-|---------|
1|.........|
2|.........|
3|.........|
4|.........|
5|.........|
6|.........|
7|.........|
8|.........|
9|.........|
-|---------|
Set/unset mines marks or claim a cell as free: > 8 5 free
 |123456789|
-|---------|
1|////1....|
2|////112..|
3|//////1..|
4|//////111|
5|/////////|
6|/////////|
7|/////////|
8|/////////|
9|/////////|
-|---------|
Set/unset mines marks or claim a cell as free: > 9 1 mine
 |123456789|
-|---------|
1|////1...*|
2|////112..|
3|//////1..|
4|//////111|
5|/////////|
6|/////////|
7|/////////|
8|/////////|
9|/////////|
-|---------|
Set/unset mines marks or claim a cell as free: > 8 3 free
 |123456789|
-|---------|
1|////1X..*|
2|////112..|
3|//////1X.|
4|//////111|
5|/////////|
6|/////////|
7|/////////|
8|/////////|
9|/////////|
-|---------|
You stepped on a mine and failed!
?[1;31m
Start test 41?[0m
How many mines do you want on the field? > 3
 |123456789|
-|---------|
1|.........|
2|.........|
3|.........|
4|.........|
5|.........|
6|.........|
7|.........|
8|.........|
9|.........|
-|---------|
Set/unset mines marks or claim a cell as free: > 6 6 mine
 |123456789|
-|---------|
1|.........|
2|.........|
3|.........|
4|.........|
5|.........|
6|.....*...|
7|.........|
8|.........|
9|.........|
-|---------|
Set/unset mines marks or claim a cell as free: > 3 6 mine
 |123456789|
-|---------|
1|.........|
2|.........|
3|.........|
4|.........|
5|.........|
6|..*..*...|
7|.........|
8|.........|
9|.........|
-|---------|
Set/unset mines marks or claim a cell as free: > 6 6 mine
 |123456789|
-|---------|
1|.........|
2|.........|
3|.........|
4|.........|
5|.........|
6|..*......|
7|.........|
8|.........|
9|.........|
-|---------|
Set/unset mines marks or claim a cell as free: > 9 7 free
 |123456789|
-|---------|
1|//////1..|
2|////113..|
3|////1....|
4|////11211|
5|/////////|
6|/////////|
7|/////////|
8|/////////|
9|/////////|
-|---------|
Set/unset mines marks or claim a cell as free: > 8 3 free
 |123456789|
-|---------|
1|//////1X.|
2|////113..|
3|////1X.X.|
4|////11211|
5|/////////|
6|/////////|
7|/////////|
8|/////////|
9|/////////|
-|---------|
You stepped on a mine and failed!
?[1;31m
Start test 42?[0m
How many mines do you want on the field? > 3
 |123456789|
-|---------|
1|.........|
2|.........|
3|.........|
4|.........|
5|.........|
6|.........|
7|.........|
8|.........|
9|.........|
-|---------|
Set/unset mines marks or claim a cell as free: > 8 9 free
 |123456789|
-|---------|
1|/////////|
2|/////////|
3|111//////|
4|..211////|
5|....1////|
6|....1////|
7|....11///|
8|.....1///|
9|.....1///|
-|---------|
Set/unset mines marks or claim a cell as free: > 5 9 free
 |123456789|
-|---------|
1|/////////|
2|/////////|
3|111//////|
4|..211////|
5|....1////|
6|....1////|
7|....11///|
8|.....1///|
9|....11///|
-|---------|
Set/unset mines marks or claim a cell as free: > 4 9 free
 |123456789|
-|---------|
1|/////////|
2|/////////|
3|111//////|
4|..211////|
5|....1////|
6|....1////|
7|....11///|
8|.....1///|
9|...111///|
-|---------|
Set/unset mines marks or claim a cell as free: > 4 6 free
 |123456789|
-|---------|
1|/////////|
2|/////////|
3|111//////|
4|..211////|
5|....1////|
6|...11////|
7|....11///|
8|.....1///|
9|...111///|
-|---------|
Set/unset mines marks or claim a cell as free: > 3 5 free
 |123456789|
-|---------|
1|/////////|
2|/////////|
3|111//////|
4|..211////|
5|..2.1////|
6|...11////|
7|....11///|
8|.....1///|
9|...111///|
-|---------|
Set/unset mines marks or claim a cell as free: > 3 7 free
 |123456789|
-|---------|
1|/////////|
2|/////////|
3|111//////|
4|..211////|
5|112.1////|
6|//111////|
7|///111///|
8|///1.1///|
9|///111///|
-|---------|
Set/unset mines marks or claim a cell as free: > 4 5 free
 |123456789|
-|---------|
1|/////////|
2|/////////|
3|111//////|
4|.X211////|
5|112X1////|
6|//111////|
7|///111///|
8|///1X1///|
9|///111///|
-|---------|
You stepped on a mine and failed!
?[1;31m
Start test 43?[0m
How many mines do you want on the field? > 3
 |123456789|
-|---------|
1|.........|
2|.........|
3|.........|
4|.........|
5|.........|
6|.........|
7|.........|
8|.........|
9|.........|
-|---------|
Set/unset mines marks or claim a cell as free: > 3 7 free
 |123456789|
-|---------|
1|/////////|
2|//////111|
3|11////1..|
4|.1////12.|
5|11/////1.|
6|///////11|
7|/////////|
8|/////////|
9|/////////|
-|---------|
Set/unset mines marks or claim a cell as free: > 9 4 free
 |123456789|
-|---------|
1|/////////|
2|//////111|
3|11////1..|
4|.1////122|
5|11/////1.|
6|///////11|
7|/////////|
8|/////////|
9|/////////|
-|---------|
Set/unset mines marks or claim a cell as free: > 9 3 mine
 |123456789|
-|---------|
1|/////////|
2|//////111|
3|11////1.*|
4|.1////122|
5|11/////1.|
6|///////11|
7|/////////|
8|/////////|
9|/////////|
-|---------|
Set/unset mines marks or claim a cell as free: > 1 4 free
 |123456789|
-|---------|
1|/////////|
2|//////111|
3|11////1X*|
4|X1////122|
5|11/////1X|
6|///////11|
7|/////////|
8|/////////|
9|/////////|
-|---------|
You stepped on a mine and failed!
?[1;31m
Start test 44?[0m
How many mines do you want on the field? > 3
 |123456789|
-|---------|
1|.........|
2|.........|
3|.........|
4|.........|
5|.........|
6|.........|
7|.........|
8|.........|
9|.........|
-|---------|
Set/unset mines marks or claim a cell as free: > 4 6 mine
 |123456789|
-|---------|
1|.........|
2|.........|
3|.........|
4|.........|
5|.........|
6|...*.....|
7|.........|
8|.........|
9|.........|
-|---------|
Set/unset mines marks or claim a cell as free: > 8 6 free
 |123456789|
-|---------|
1|.........|
2|.........|
3|.........|
4|.........|
5|.........|
6|...*...2.|
7|.........|
8|.........|
9|.........|
-|---------|
Set/unset mines marks or claim a cell as free: > 4 6 mine
 |123456789|
-|---------|
1|.........|
2|.........|
3|.........|
4|.........|
5|.........|
6|.......2.|
7|.........|
8|.........|
9|.........|
-|---------|
Set/unset mines marks or claim a cell as free: > 8 9 free
 |123456789|
-|---------|
1|/////////|
2|/////////|
3|/////////|
4|//////111|
5|/////12..|
6|///112.21|
7|///1.211/|
8|///111///|
9|/////////|
-|---------|
Set/unset mines marks or claim a cell as free: > 8 5 mine
 |123456789|
-|---------|
1|/////////|
2|/////////|
3|/////////|
4|//////111|
5|/////12*.|
6|///112.21|
7|///1.211/|
8|///111///|
9|/////////|
-|---------|
Set/unset mines marks or claim a cell as free: > 9 5 free
 |123456789|
-|---------|
1|/////////|
2|/////////|
3|/////////|
4|//////111|
5|/////12*1|
6|///112.21|
7|///1.211/|
8|///111///|
9|/////////|
-|---------|
Congratulations! You found all mines!
?[1;31m
Start test 45?[0m
How many mines do you want on the field? > 3
 |123456789|
-|---------|
1|.........|
2|.........|
3|.........|
4|.........|
5|.........|
6|.........|
7|.........|
8|.........|
9|.........|
-|---------|
Set/unset mines marks or claim a cell as free: > 3 9 free
 |123456789|
-|---------|
1|.......1/|
2|.......1/|
3|....1111/|
4|112.1////|
5|//111////|
6|/////////|
7|/////////|
8|/////////|
9|/////////|
-|---------|
Set/unset mines marks or claim a cell as free: > 4 1 mine
 |123456789|
-|---------|
1|...*...1/|
2|.......1/|
3|....1111/|
4|112.1////|
5|//111////|
6|/////////|
7|/////////|
8|/////////|
9|/////////|
-|---------|
Set/unset mines marks or claim a cell as free: > 3 3 free
 |123456789|
-|---------|
1|...*...1/|
2|.......1/|
3|..2.1111/|
4|112.1////|
5|//111////|
6|/////////|
7|/////////|
8|/////////|
9|/////////|
-|---------|
Set/unset mines marks or claim a cell as free: > 2 1 free
 |123456789|
-|---------|
1|/////1.1/|
2|111//1.1/|
3|..211111/|
4|112.1////|
5|//111////|
6|/////////|
7|/////////|
8|/////////|
9|/////////|
-|---------|
Set/unset mines marks or claim a cell as free: > 7 1 free
 |123456789|
-|---------|
1|/////111/|
2|111//1.1/|
3|..211111/|
4|112.1////|
5|//111////|
6|/////////|
7|/////////|
8|/////////|
9|/////////|
-|---------|
Set/unset mines marks or claim a cell as free: > 7 2 free
 |123456789|
-|---------|
1|/////111/|
2|111//1X1/|
3|.X211111/|
4|112X1////|
5|//111////|
6|/////////|
7|/////////|
8|/////////|
9|/////////|
-|---------|
You stepped on a mine and failed!
?[1;31m
Start test 46?[0m
How many mines do you want on the field? > 3
 |123456789|
-|---------|
1|.........|
2|.........|
3|.........|
4|.........|
5|.........|
6|.........|
7|.........|
8|.........|
9|.........|
-|---------|
Set/unset mines marks or claim a cell as free: > 8 8 free
 |123456789|
-|---------|
1|.........|
2|.........|
3|........X|
4|.........|
5|X........|
6|.........|
7|.........|
8|.......X.|
9|.........|
-|---------|
You stepped on a mine and failed!
?[1;31m
Start test 47?[0m
How many mines do you want on the field? > 3
 |123456789|
-|---------|
1|.........|
2|.........|
3|.........|
4|.........|
5|.........|
6|.........|
7|.........|
8|.........|
9|.........|
-|---------|
Set/unset mines marks or claim a cell as free: > 2 2 free
 |123456789|
-|---------|
1|/////////|
2|/////////|
3|/////////|
4|/////////|
5|///////11|
6|///////1.|
7|/////112.|
8|/////1...|
9|/////1...|
-|---------|
Set/unset mines marks or claim a cell as free: > 9 9 mine
 |123456789|
-|---------|
1|/////////|
2|/////////|
3|/////////|
4|/////////|
5|///////11|
6|///////1.|
7|/////112.|
8|/////1...|
9|/////1..*|
-|---------|
Set/unset mines marks or claim a cell as free: > 9 9 mine
 |123456789|
-|---------|
1|/////////|
2|/////////|
3|/////////|
4|/////////|
5|///////11|
6|///////1.|
7|/////112.|
8|/////1...|
9|/////1...|
-|---------|
Set/unset mines marks or claim a cell as free: > 8 8 free
 |123456789|
-|---------|
1|/////////|
2|/////////|
3|/////////|
4|/////////|
5|///////11|
6|///////1.|
7|/////112.|
8|/////1.2.|
9|/////1...|
-|---------|
Set/unset mines marks or claim a cell as free: > 7 8 free
 |123456789|
-|---------|
1|/////////|
2|/////////|
3|/////////|
4|/////////|
5|///////11|
6|///////1X|
7|/////112.|
8|/////1X2.|
9|/////1..X|
-|---------|
You stepped on a mine and failed!
?[1;31m
Start test 48?[0m
How many mines do you want on the field? > 3
 |123456789|
-|---------|
1|.........|
2|.........|
3|.........|
4|.........|
5|.........|
6|.........|
7|.........|
8|.........|
9|.........|
-|---------|
Set/unset mines marks or claim a cell as free: > 6 4 mine
 |123456789|
-|---------|
1|.........|
2|.........|
3|.........|
4|.....*...|
5|.........|
6|.........|
7|.........|
8|.........|
9|.........|
-|---------|
Set/unset mines marks or claim a cell as free: > 4 6 free
 |123456789|
-|---------|
1|//1.1//1.|
2|//111//1.|
3|///////11|
4|/////////|
5|/////////|
6|/////////|
7|//////111|
8|//////1..|
9|//////1..|
-|---------|
Set/unset mines marks or claim a cell as free: > 4 1 free
 |123456789|
-|---------|
1|//1X1//1.|
2|//111//1X|
3|///////11|
4|/////////|
5|/////////|
6|/////////|
7|//////111|
8|//////1X.|
9|//////1..|
-|---------|
You stepped on a mine and failed!
?[1;31m
Start test 49?[0m
How many mines do you want on the field? > 3
 |123456789|
-|---------|
1|.........|
2|.........|
3|.........|
4|.........|
5|.........|
6|.........|
7|.........|
8|.........|
9|.........|
-|---------|
Set/unset mines marks or claim a cell as free: > 7 5 free
 |123456789|
-|---------|
1|//1......|
2|//1.1112.|
3|//111//1.|
4|///////11|
5|/////////|
6|/////////|
7|/////////|
8|/////////|
9|/////////|
-|---------|
Set/unset mines marks or claim a cell as free: > 5 1 mine
 |123456789|
-|---------|
1|//1.*....|
2|//1.1112.|
3|//111//1.|
4|///////11|
5|/////////|
6|/////////|
7|/////////|
8|/////////|
9|/////////|
-|---------|
Set/unset mines marks or claim a cell as free: > 4 2 mine
 |123456789|
-|---------|
1|//1.*....|
2|//1*1112.|
3|//111//1.|
4|///////11|
5|/////////|
6|/////////|
7|/////////|
8|/////////|
9|/////////|
-|---------|
Set/unset mines marks or claim a cell as free: > 8 1 mine
 |123456789|
-|---------|
1|//1.*..*.|
2|//1*1112.|
3|//111//1.|
4|///////11|
5|/////////|
6|/////////|
7|/////////|
8|/////////|
9|/////////|
-|---------|
Set/unset mines marks or claim a cell as free: > 9 3 free
 |123456789|
-|---------|
1|//1.*.X*.|
2|//1X1112.|
3|//111//1X|
4|///////11|
5|/////////|
6|/////////|
7|/////////|
8|/////////|
9|/////////|
-|---------|
You stepped on a mine and failed!
?[1;31m
Start test 50?[0m
How many mines do you want on the field? > 3
 |123456789|
-|---------|
1|.........|
2|.........|
3|.........|
4|.........|
5|.........|
6|.........|
7|.........|
8|.........|
9|.........|
-|---------|
Set/unset mines marks or claim a cell as free: > 1 2 mine
 |123456789|
-|---------|
1|.........|
2|*........|
3|.........|
4|.........|
5|.........|
6|.........|
7|.........|
8|.........|
9|.........|
-|---------|
Set/unset mines marks or claim a cell as free: > 1 2 mine
 |123456789|
-|---------|
1|.........|
2|.........|
3|.........|
4|.........|
5|.........|
6|.........|
7|.........|
8|.........|
9|.........|
-|---------|
Set/unset mines marks or claim a cell as free: > 3 9 free
 |123456789|
-|---------|
1|//1.1////|
2|//1.1////|
3|//111////|
4|11///////|
5|.1///////|
6|11///////|
7|/////111/|
8|/////1.1/|
9|/////1.1/|
-|---------|
Set/unset mines marks or claim a cell as free: > 4 1 free
 |123456789|
-|---------|
1|//111////|
2|//1.1////|
3|//111////|
4|11///////|
5|.1///////|
6|11///////|
7|/////111/|
8|/////1.1/|
9|/////1.1/|
-|---------|
Set/unset mines marks or claim a cell as free: > 4 2 mine
 |123456789|
-|---------|
1|//111////|
2|//1*1////|
3|//111////|
4|11///////|
5|.1///////|
6|11///////|
7|/////111/|
8|/////1.1/|
9|/////1.1/|
-|---------|
Set/unset mines marks or claim a cell as free: > 7 8 free
 |123456789|
-|---------|
1|//111////|
2|//1X1////|
3|//111////|
4|11///////|
5|X1///////|
6|11///////|
7|/////111/|
8|/////1X1/|
9|/////1.1/|
-|---------|
You stepped on a mine and failed!
?[1;31m
Start test 51?[0m
How many mines do you want on the field? > 3
 |123456789|
-|---------|
1|.........|
2|.........|
3|.........|
4|.........|
5|.........|
6|.........|
7|.........|
8|.........|
9|.........|
-|---------|
Set/unset mines marks or claim a cell as free: > 2 6 free
 |123456789|
-|---------|
1|/////////|
2|///////11|
3|1211///1.|
4|...1///11|
5|1211/////|
6|/////////|
7|/////////|
8|/////////|
9|/////////|
-|---------|
Set/unset mines marks or claim a cell as free: > 3 4 mine
 |123456789|
-|---------|
1|/////////|
2|///////11|
3|1211///1.|
4|..*1///11|
5|1211/////|
6|/////////|
7|/////////|
8|/////////|
9|/////////|
-|---------|
Set/unset mines marks or claim a cell as free: > 3 4 mine
 |123456789|
-|---------|
1|/////////|
2|///////11|
3|1211///1.|
4|...1///11|
5|1211/////|
6|/////////|
7|/////////|
8|/////////|
9|/////////|
-|---------|
Set/unset mines marks or claim a cell as free: > 9 3 free
 |123456789|
-|---------|
1|/////////|
2|///////11|
3|1211///1X|
4|X.X1///11|
5|1211/////|
6|/////////|
7|/////////|
8|/////////|
9|/////////|
-|---------|
You stepped on a mine and failed!
?[1;31m
Start test 52?[0m
How many mines do you want on the field? > 3
 |123456789|
-|---------|
1|.........|
2|.........|
3|.........|
4|.........|
5|.........|
6|.........|
7|.........|
8|.........|
9|.........|
-|---------|
Set/unset mines marks or claim a cell as free: > 1 6 free
 |123456789|
-|---------|
1|/////////|
2|/////////|
3|/////////|
4|///111///|
5|///1.1///|
6|///111///|
7|////111//|
8|///12.1//|
9|///1..1//|
-|---------|
Set/unset mines marks or claim a cell as free: > 5 5 mine
 |123456789|
-|---------|
1|/////////|
2|/////////|
3|/////////|
4|///111///|
5|///1*1///|
6|///111///|
7|////111//|
8|///12.1//|
9|///1..1//|
-|---------|
Set/unset mines marks or claim a cell as free: > 6 8 free
 |123456789|
-|---------|
1|/////////|
2|/////////|
3|/////////|
4|///111///|
5|///1X1///|
6|///111///|
7|////111//|
8|///12X1//|
9|///1X.1//|
-|---------|
You stepped on a mine and failed!
?[1;31m
Start test 53?[0m
How many mines do you want on the field? > 3
 |123456789|
-|---------|
1|.........|
2|.........|
3|.........|
4|.........|
5|.........|
6|.........|
7|.........|
8|.........|
9|.........|
-|---------|
Set/unset mines marks or claim a cell as free: > 4 1 free
 |123456789|
-|---------|
1|/////////|
2|/////////|
3|/////////|
4|111//////|
5|..1111///|
6|.....1///|
7|.....1///|
8|.....111/|
9|.......1/|
-|---------|
Set/unset mines marks or claim a cell as free: > 5 9 mine
 |123456789|
-|---------|
1|/////////|
2|/////////|
3|/////////|
4|111//////|
5|..1111///|
6|.....1///|
7|.....1///|
8|.....111/|
9|....*..1/|
-|---------|
Set/unset mines marks or claim a cell as free: > 4 6 mine
 |123456789|
-|---------|
1|/////////|
2|/////////|
3|/////////|
4|111//////|
5|..1111///|
6|...*.1///|
7|.....1///|
8|.....111/|
9|....*..1/|
-|---------|
Set/unset mines marks or claim a cell as free: > 4 9 mine
 |123456789|
-|---------|
1|/////////|
2|/////////|
3|/////////|
4|111//////|
5|..1111///|
6|...*.1///|
7|.....1///|
8|.....111/|
9|...**..1/|
-|---------|
Set/unset mines marks or claim a cell as free: > 2 8 mine
 |123456789|
-|---------|
1|/////////|
2|/////////|
3|/////////|
4|111//////|
5|..1111///|
6|...*.1///|
7|.....1///|
8|.*...111/|
9|...**..1/|
-|---------|
Set/unset mines marks or claim a cell as free: > 4 9 mine
 |123456789|
-|---------|
1|/////////|
2|/////////|
3|/////////|
4|111//////|
5|..1111///|
6|...*.1///|
7|.....1///|
8|.*...111/|
9|....*..1/|
-|---------|
Set/unset mines marks or claim a cell as free: > 1 8 mine
 |123456789|
-|---------|
1|/////////|
2|/////////|
3|/////////|
4|111//////|
5|..1111///|
6|...*.1///|
7|.....1///|
8|**...111/|
9|....*..1/|
-|---------|
Set/unset mines marks or claim a cell as free: > 4 7 free
 |123456789|
-|---------|
1|/////////|
2|/////////|
3|/////////|
4|111//////|
5|..1111///|
6|...*.1///|
7|...1.1///|
8|**...111/|
9|....*..1/|
-|---------|
Set/unset mines marks or claim a cell as free: > 7 9 free
 |123456789|
-|---------|
1|/////////|
2|/////////|
3|/////////|
4|111//////|
5|.X1111///|
6|...*X1///|
7|...1.1///|
8|**...111/|
9|....*.X1/|
-|---------|
You stepped on a mine and failed!
?[1;31m
Start test 54?[0m
How many mines do you want on the field? > 3
 |123456789|
-|---------|
1|.........|
2|.........|
3|.........|
4|.........|
5|.........|
6|.........|
7|.........|
8|.........|
9|.........|
-|---------|
Set/unset mines marks or claim a cell as free: > 5 9 free
 |123456789|
-|---------|
1|/////////|
2|/////////|
3|/////////|
4|/111/////|
5|/1.1/////|
6|/111/////|
7|//////111|
8|/////12..|
9|/////1...|
-|---------|
Set/unset mines marks or claim a cell as free: > 7 9 free
 |123456789|
-|---------|
1|/////////|
2|/////////|
3|/////////|
4|/111/////|
5|/1X1/////|
6|/111/////|
7|//////111|
8|/////12X.|
9|/////1X..|
-|---------|
You stepped on a mine and failed!
?[1;31m
Start test 55?[0m
How many mines do you want on the field? > 3
 |123456789|
-|---------|
1|.........|
2|.........|
3|.........|
4|.........|
5|.........|
6|.........|
7|.........|
8|.........|
9|.........|
-|---------|
Set/unset mines marks or claim a cell as free: > 6 1 mine
 |123456789|
-|---------|
1|.....*...|
2|.........|
3|.........|
4|.........|
5|.........|
6|.........|
7|.........|
8|.........|
9|.........|
-|---------|
Set/unset mines marks or claim a cell as free: > 6 1 mine
 |123456789|
-|---------|
1|.........|
2|.........|
3|.........|
4|.........|
5|.........|
6|.........|
7|.........|
8|.........|
9|.........|
-|---------|
Set/unset mines marks or claim a cell as free: > 8 2 free
 |123456789|
-|---------|
1|/////////|
2|/////////|
3|/////111/|
4|/////1.1/|
5|/////111/|
6|/////////|
7|////111//|
8|////2.2//|
9|////2.2//|
-|---------|
Congratulations! You found all mines!
?[1;31m
Start test 56?[0m
How many mines do you want on the field? > 3
 |123456789|
-|---------|
1|.........|
2|.........|
3|.........|
4|.........|
5|.........|
6|.........|
7|.........|
8|.........|
9|.........|
-|---------|
Set/unset mines marks or claim a cell as free: > 7 7 mine
 |123456789|
-|---------|
1|.........|
2|.........|
3|.........|
4|.........|
5|.........|
6|.........|
7|......*..|
8|.........|
9|.........|
-|---------|
Set/unset mines marks or claim a cell as free: > 7 7 mine
 |123456789|
-|---------|
1|.........|
2|.........|
3|.........|
4|.........|
5|.........|
6|.........|
7|.........|
8|.........|
9|.........|
-|---------|
Set/unset mines marks or claim a cell as free: > 6 3 free
 |123456789|
-|---------|
1|.........|
2|.........|
3|.....1...|
4|.........|
5|.........|
6|.........|
7|.........|
8|.........|
9|.........|
-|---------|
Set/unset mines marks or claim a cell as free: > 9 2 free
 |123456789|
-|---------|
1|////1.1//|
2|///1221//|
3|///1.1///|
4|///111///|
5|/////////|
6|/////////|
7|111//////|
8|..1//////|
9|..1//////|
-|---------|
Set/unset mines marks or claim a cell as free: > 5 3 free
 |123456789|
-|---------|
1|////1X1//|
2|///1221//|
3|///1X1///|
4|///111///|
5|/////////|
6|/////////|
7|111//////|
8|.X1//////|
9|..1//////|
-|---------|
You stepped on a mine and failed!
?[1;31m
Start test 57?[0m
How many mines do you want on the field? > 3
 |123456789|
-|---------|
1|.........|
2|.........|
3|.........|
4|.........|
5|.........|
6|.........|
7|.........|
8|.........|
9|.........|
-|---------|
Set/unset mines marks or claim a cell as free: > 8 4 free
 |123456789|
-|---------|
1|//////1..|
2|//////111|
3|/////////|
4|/////////|
5|/////////|
6|/////////|
7|11/////11|
8|.1/////1.|
9|.1/////1.|
-|---------|
Set/unset mines marks or claim a cell as free: > 9 1 mine
 |123456789|
-|---------|
1|//////1.*|
2|//////111|
3|/////////|
4|/////////|
5|/////////|
6|/////////|
7|11/////11|
8|.1/////1.|
9|.1/////1.|
-|---------|
Set/unset mines marks or claim a cell as free: > 9 9 mine
 |123456789|
-|---------|
1|//////1.*|
2|//////111|
3|/////////|
4|/////////|
5|/////////|
6|/////////|
7|11/////11|
8|.1/////1.|
9|.1/////1*|
-|---------|
Set/unset mines marks or claim a cell as free: > 9 1 mine
 |123456789|
-|---------|
1|//////1..|
2|//////111|
3|/////////|
4|/////////|
5|/////////|
6|/////////|
7|11/////11|
8|.1/////1.|
9|.1/////1*|
-|---------|
Set/unset mines marks or claim a cell as free: > 9 8 mine
 |123456789|
-|---------|
1|//////1..|
2|//////111|
3|/////////|
4|/////////|
5|/////////|
6|/////////|
7|11/////11|
8|.1/////1*|
9|.1/////1*|
-|---------|
Set/unset mines marks or claim a cell as free: > 9 9 mine
 |123456789|
-|---------|
1|//////1..|
2|//////111|
3|/////////|
4|/////////|
5|/////////|
6|/////////|
7|11/////11|
8|.1/////1*|
9|.1/////1.|
-|---------|
Set/unset mines marks or claim a cell as free: > 9 8 mine
 |123456789|
-|---------|
1|//////1..|
2|//////111|
3|/////////|
4|/////////|
5|/////////|
6|/////////|
7|11/////11|
8|.1/////1.|
9|.1/////1.|
-|---------|
Set/unset mines marks or claim a cell as free: > 9 8 free
 |123456789|
-|---------|
1|//////1X.|
2|//////111|
3|/////////|
4|/////////|
5|/////////|
6|/////////|
7|11/////11|
8|X1/////1X|
9|.1/////1.|
-|---------|
You stepped on a mine and failed!
?[1;31m
Start test 58?[0m
How many mines do you want on the field? > 3
 |123456789|
-|---------|
1|.........|
2|.........|
3|.........|
4|.........|
5|.........|
6|.........|
7|.........|
8|.........|
9|.........|
-|---------|
Set/unset mines marks or claim a cell as free: > 2 7 free
 |123456789|
-|---------|
1|.1/1.1///|
2|.1/111///|
3|.21//////|
4|..1//////|
5|111//////|
6|/////////|
7|/////////|
8|/////////|
9|/////////|
-|---------|
Set/unset mines marks or claim a cell as free: > 1 3 mine
 |123456789|
-|---------|
1|.1/1.1///|
2|.1/111///|
3|*21//////|
4|..1//////|
5|111//////|
6|/////////|
7|/////////|
8|/////////|
9|/////////|
-|---------|
Set/unset mines marks or claim a cell as free: > 1 4 free
 |123456789|
-|---------|
1|.1/1.1///|
2|.1/111///|
3|*21//////|
4|1.1//////|
5|111//////|
6|/////////|
7|/////////|
8|/////////|
9|/////////|
-|---------|
Set/unset mines marks or claim a cell as free: > 1 2 free
 |123456789|
-|---------|
1|.1/1X1///|
2|X1/111///|
3|*21//////|
4|1X1//////|
5|111//////|
6|/////////|
7|/////////|
8|/////////|
9|/////////|
-|---------|
You stepped on a mine and failed!
?[1;31m
Start test 59?[0m
How many mines do you want on the field? > 3
 |123456789|
-|---------|
1|.........|
2|.........|
3|.........|
4|.........|
5|.........|
6|.........|
7|.........|
8|.........|
9|.........|
-|---------|
Set/unset mines marks or claim a cell as free: > 4 8 free
 |123456789|
-|---------|
1|/////////|
2|/111/////|
3|12.1/////|
4|.211/////|
5|11///////|
6|////111//|
7|////1.1//|
8|////111//|
9|/////////|
-|---------|
Congratulations! You found all mines!
?[1;31m
Start test 60?[0m
How many mines do you want on the field? > 3
 |123456789|
-|---------|
1|.........|
2|.........|
3|.........|
4|.........|
5|.........|
6|.........|
7|.........|
8|.........|
9|.........|
-|---------|
Set/unset mines marks or claim a cell as free: > 1 3 mine
 |123456789|
-|---------|
1|.........|
2|.........|
3|*........|
4|.........|
5|.........|
6|.........|
7|.........|
8|.........|
9|.........|
-|---------|
Set/unset mines marks or claim a cell as free: > 2 9 free
 |123456789|
-|---------|
1|/////1.1/|
2|/////111/|
3|/////////|
4|/////////|
5|/////////|
6|//111////|
7|//1.1////|
8|//111//11|
9|///////1.|
-|---------|
Congratulations! You found all mines!
?[1;31m
Start test 61?[0m
How many mines do you want on the field? > 4
 |123456789|
-|---------|
1|.........|
2|.........|
3|.........|
4|.........|
5|.........|
6|.........|
7|.........|
8|.........|
9|.........|
-|---------|
Set/unset mines marks or claim a cell as free: > 5 8 mine
 |123456789|
-|---------|
1|.........|
2|.........|
3|.........|
4|.........|
5|.........|
6|.........|
7|.........|
8|....*....|
9|.........|
-|---------|
Set/unset mines marks or claim a cell as free: > 7 2 mine
 |123456789|
-|---------|
1|.........|
2|......*..|
3|.........|
4|.........|
5|.........|
6|.........|
7|.........|
8|....*....|
9|.........|
-|---------|
Set/unset mines marks or claim a cell as free: > 4 4 free
 |123456789|
-|---------|
1|.........|
2|......*..|
3|......X..|
4|...X....X|
5|.........|
6|.........|
7|....X....|
8|....*....|
9|.........|
-|---------|
You stepped on a mine and failed!
?[1;31m
Start test 62?[0m
How many mines do you want on the field? > 4
 |123456789|
-|---------|
1|.........|
2|.........|
3|.........|
4|.........|
5|.........|
6|.........|
7|.........|
8|.........|
9|.........|
-|---------|
Set/unset mines marks or claim a cell as free: > 1 6 free
 |123456789|
-|---------|
1|.........|
2|.........|
3|.........|
4|.........|
5|111......|
6|//1......|
7|111......|
8|.........|
9|.........|
-|---------|
Set/unset mines marks or claim a cell as free: > 5 1 free
 |123456789|
-|---------|
1|/////////|
2|//////111|
3|111///1..|
4|..1///111|
5|111//////|
6|//111////|
7|111.1////|
8|.1111////|
9|.1///////|
-|---------|
Set/unset mines marks or claim a cell as free: > 1 8 free
 |123456789|
-|---------|
1|/////////|
2|//////111|
3|111///1X.|
4|.X1///111|
5|111//////|
6|//111////|
7|111X1////|
8|X1111////|
9|.1///////|
-|---------|
You stepped on a mine and failed!
?[1;31m
Start test 63?[0m
How many mines do you want on the field? > 4
 |123456789|
-|---------|
1|.........|
2|.........|
3|.........|
4|.........|
5|.........|
6|.........|
7|.........|
8|.........|
9|.........|
-|---------|
Set/unset mines marks or claim a cell as free: > 6 4 free
 |123456789|
-|---------|
1|///1.1/1.|
2|///1.1/11|
3|///111///|
4|/////////|
5|111//////|
6|..1//////|
7|..21/////|
8|...1/////|
9|...1/////|
-|---------|
Set/unset mines marks or claim a cell as free: > 3 9 free
 |123456789|
-|---------|
1|///1.1/1.|
2|///1.1/11|
3|///111///|
4|/////////|
5|111//////|
6|..1//////|
7|..21/////|
8|...1/////|
9|..11/////|
-|---------|
Set/unset mines marks or claim a cell as free: > 5 2 free
 |123456789|
-|---------|
1|///1.1/1X|
2|///1X1/11|
3|///111///|
4|/////////|
5|111//////|
6|.X1//////|
7|..21/////|
8|..X1/////|
9|..11/////|
-|---------|
You stepped on a mine and failed!
?[1;31m
Start test 64?[0m
How many mines do you want on the field? > 4
 |123456789|
-|---------|
1|.........|
2|.........|
3|.........|
4|.........|
5|.........|
6|.........|
7|.........|
8|.........|
9|.........|
-|---------|
Set/unset mines marks or claim a cell as free: > 9 3 free
 |123456789|
-|---------|
1|.........|
2|.........|
3|........1|
4|.........|
5|.........|
6|.........|
7|.........|
8|.........|
9|.........|
-|---------|
Set/unset mines marks or claim a cell as free: > 7 4 free
 |123456789|
-|---------|
1|.........|
2|.........|
3|........1|
4|......1..|
5|.........|
6|.........|
7|.........|
8|.........|
9|.........|
-|---------|
Set/unset mines marks or claim a cell as free: > 3 5 mine
 |123456789|
-|---------|
1|.........|
2|.........|
3|........1|
4|......1..|
5|..*......|
6|.........|
7|.........|
8|.........|
9|.........|
-|---------|
Set/unset mines marks or claim a cell as free: > 3 5 mine
 |123456789|
-|---------|
1|.........|
2|.........|
3|........1|
4|......1..|
5|.........|
6|.........|
7|.........|
8|.........|
9|.........|
-|---------|
Set/unset mines marks or claim a cell as free: > 9 2 free
 |123456789|
-|---------|
1|.........|
2|........2|
3|........1|
4|......1..|
5|.........|
6|.........|
7|.........|
8|.........|
9|.........|
-|---------|
Set/unset mines marks or claim a cell as free: > 1 3 free
 |123456789|
-|---------|
1|//////1..|
2|//////2.2|
3|//////1.1|
4|//////111|
5|/////////|
6|///111///|
7|///1.21//|
8|///12.1//|
9|////1.1//|
-|---------|
Set/unset mines marks or claim a cell as free: > 5 7 free
 |123456789|
-|---------|
1|//////1X.|
2|//////2.2|
3|//////1X1|
4|//////111|
5|/////////|
6|///111///|
7|///1X21//|
8|///12X1//|
9|////1.1//|
-|---------|
You stepped on a mine and failed!
?[1;31m
Start test 65?[0m
How many mines do you want on the field? > 4
 |123456789|
-|---------|
1|.........|
2|.........|
3|.........|
4|.........|
5|.........|
6|.........|
7|.........|
8|.........|
9|.........|
-|---------|
Set/unset mines marks or claim a cell as free: > 2 3 mine
 |123456789|
-|---------|
1|.........|
2|.........|
3|.*.......|
4|.........|
5|.........|
6|.........|
7|.........|
8|.........|
9|.........|
-|---------|
Set/unset mines marks or claim a cell as free: > 2 3 mine
 |123456789|
-|---------|
1|.........|
2|.........|
3|.........|
4|.........|
5|.........|
6|.........|
7|.........|
8|.........|
9|.........|
-|---------|
Set/unset mines marks or claim a cell as free: > 7 3 mine
 |123456789|
-|---------|
1|.........|
2|.........|
3|......*..|
4|.........|
5|.........|
6|.........|
7|.........|
8|.........|
9|.........|
-|---------|
Set/unset mines marks or claim a cell as free: > 4 2 free
 |123456789|
-|---------|
1|.1////1..|
2|.1////1..|
3|11////111|
4|/////////|
5|/////////|
6|///////11|
7|//////12.|
8|//////1..|
9|//////1..|
-|---------|
Set/unset mines marks or claim a cell as free: > 9 9 mine
 |123456789|
-|---------|
1|.1////1..|
2|.1////1..|
3|11////111|
4|/////////|
5|/////////|
6|///////11|
7|//////12.|
8|//////1..|
9|//////1.*|
-|---------|
Set/unset mines marks or claim a cell as free: > 9 7 mine
 |123456789|
-|---------|
1|.1////1..|
2|.1////1..|
3|11////111|
4|/////////|
5|/////////|
6|///////11|
7|//////12*|
8|//////1..|
9|//////1.*|
-|---------|
Set/unset mines marks or claim a cell as free: > 8 9 free
 |123456789|
-|---------|
1|.1////1..|
2|.1////1..|
3|11////111|
4|/////////|
5|/////////|
6|///////11|
7|//////12*|
8|//////1..|
9|//////11*|
-|---------|
Set/unset mines marks or claim a cell as free: > 9 7 mine
 |123456789|
-|---------|
1|.1////1..|
2|.1////1..|
3|11////111|
4|/////////|
5|/////////|
6|///////11|
7|//////12.|
8|//////1..|
9|//////11*|
-|---------|
Set/unset mines marks or claim a cell as free: > 8 1 free
 |123456789|
-|---------|
1|.1////11.|
2|.1////1..|
3|11////111|
4|/////////|
5|/////////|
6|///////11|
7|//////12.|
8|//////1..|
9|//////11*|
-|---------|
Set/unset mines marks or claim a cell as free: > 8 8 mine
 |123456789|
-|---------|
1|.1////11.|
2|.1////1..|
3|11////111|
4|/////////|
5|/////////|
6|///////11|
7|//////12.|
8|//////1*.|
9|//////11*|
-|---------|
Set/unset mines marks or claim a cell as free: > 9 7 mine
 |123456789|
-|---------|
1|.1////11.|
2|.1////1..|
3|11////111|
4|/////////|
5|/////////|
6|///////11|
7|//////12*|
8|//////1*.|
9|//////11*|
-|---------|
Set/unset mines marks or claim a cell as free: > 8 8 mine
 |123456789|
-|---------|
1|.1////11.|
2|.1////1..|
3|11////111|
4|/////////|
5|/////////|
6|///////11|
7|//////12*|
8|//////1..|
9|//////11*|
-|---------|
Set/unset mines marks or claim a cell as free: > 9 9 mine
 |123456789|
-|---------|
1|.1////11.|
2|.1////1..|
3|11////111|
4|/////////|
5|/////////|
6|///////11|
7|//////12*|
8|//////1..|
9|//////11.|
-|---------|
Set/unset mines marks or claim a cell as free: > 9 7 mine
 |123456789|
-|---------|
1|.1////11.|
2|.1////1..|
3|11////111|
4|/////////|
5|/////////|
6|///////11|
7|//////12.|
8|//////1..|
9|//////11.|
-|---------|
Set/unset mines marks or claim a cell as free: > 9 8 mine
 |123456789|
-|---------|
1|.1////11.|
2|.1////1..|
3|11////111|
4|/////////|
5|/////////|
6|///////11|
7|//////12.|
8|//////1.*|
9|//////11.|
-|---------|
Set/unset mines marks or claim a cell as free: > 9 1 mine
 |123456789|
-|---------|
1|.1////11*|
2|.1////1..|
3|11////111|
4|/////////|
5|/////////|
6|///////11|
7|//////12.|
8|//////1.*|
9|//////11.|
-|---------|
Set/unset mines marks or claim a cell as free: > 9 1 mine
 |123456789|
-|---------|
1|.1////11.|
2|.1////1..|
3|11////111|
4|/////////|
5|/////////|
6|///////11|
7|//////12.|
8|//////1.*|
9|//////11.|
-|---------|
Set/unset mines marks or claim a cell as free: > 9 8 mine
 |123456789|
-|---------|
1|.1////11.|
2|.1////1..|
3|11////111|
4|/////////|
5|/////////|
6|///////11|
7|//////12.|
8|//////1..|
9|//////11.|
-|---------|
Set/unset mines marks or claim a cell as free: > 9 2 mine
 |123456789|
-|---------|
1|.1////11.|
2|.1////1.*|
3|11////111|
4|/////////|
5|/////////|
6|///////11|
7|//////12.|
8|//////1..|
9|//////11.|
-|---------|
Set/unset mines marks or claim a cell as free: > 8 8 mine
 |123456789|
-|---------|
1|.1////11.|
2|.1////1.*|
3|11////111|
4|/////////|
5|/////////|
6|///////11|
7|//////12.|
8|//////1*.|
9|//////11.|
-|---------|
Set/unset mines marks or claim a cell as free: > 9 2 mine
 |123456789|
-|---------|
1|.1////11.|
2|.1////1..|
3|11////111|
4|/////////|
5|/////////|
6|///////11|
7|//////12.|
8|//////1*.|
9|//////11.|
-|---------|
Set/unset mines marks or claim a cell as free: > 8 2 mine
 |123456789|
-|---------|
1|.1////11.|
2|.1////1*.|
3|11////111|
4|/////////|
5|/////////|
6|///////11|
7|//////12.|
8|//////1*.|
9|//////11.|
-|---------|
Set/unset mines marks or claim a cell as free: > 9 2 free
 |123456789|
-|---------|
1|.1////11.|
2|.1////1*1|
3|11////111|
4|/////////|
5|/////////|
6|///////11|
7|//////12.|
8|//////1*.|
9|//////11.|
-|---------|
Set/unset mines marks or claim a cell as free: > 9 7 free
 |123456789|
-|---------|
1|.1////11.|
2|X1////1X1|
3|11////111|
4|/////////|
5|/////////|
6|///////11|
7|//////12X|
8|//////1X.|
9|//////11.|
-|---------|
You stepped on a mine and failed!
?[1;31m
Start test 66?[0m
How many mines do you want on the field? > 4
 |123456789|
-|---------|
1|.........|
2|.........|
3|.........|
4|.........|
5|.........|
6|.........|
7|.........|
8|.........|
9|.........|
-|---------|
Set/unset mines marks or claim a cell as free: > 3 2 free
 |123456789|
-|---------|
1|.........|
2|..1......|
3|.........|
4|.........|
5|.........|
6|.........|
7|.........|
8|.........|
9|.........|
-|---------|
Set/unset mines marks or claim a cell as free: > 7 8 free
 |123456789|
-|---------|
1|.....1///|
2|2211.1///|
3|///111///|
4|/111/////|
5|/1.1/////|
6|/111/////|
7|/////////|
8|/////////|
9|/////////|
-|---------|
Set/unset mines marks or claim a cell as free: > 2 1 free
 |123456789|
-|---------|
1|XX...1///|
2|2211X1///|
3|///111///|
4|/111/////|
5|/1X1/////|
6|/111/////|
7|/////////|
8|/////////|
9|/////////|
-|---------|
You stepped on a mine and failed!
?[1;31m
Start test 67?[0m
How many mines do you want on the field? > 4
 |123456789|
-|---------|
1|.........|
2|.........|
3|.........|
4|.........|
5|.........|
6|.........|
7|.........|
8|.........|
9|.........|
-|---------|
Set/unset mines marks or claim a cell as free: > 4 4 mine
 |123456789|
-|---------|
1|.........|
2|.........|
3|.........|
4|...*.....|
5|.........|
6|.........|
7|.........|
8|.........|
9|.........|
-|---------|
Set/unset mines marks or claim a cell as free: > 9 5 free
 |123456789|
-|---------|
1|///////1.|
2|///////1.|
3|///////11|
4|11///////|
5|.1///////|
6|11/111///|
7|///1.1///|
8|11/111///|
9|.1///////|
-|---------|
Set/unset mines marks or claim a cell as free: > 9 2 free
 |123456789|
-|---------|
1|///////1.|
2|///////1X|
3|///////11|
4|11///////|
5|X1///////|
6|11/111///|
7|///1X1///|
8|11/111///|
9|X1///////|
-|---------|
You stepped on a mine and failed!
?[1;31m
Start test 68?[0m
How many mines do you want on the field? > 4
 |123456789|
-|---------|
1|.........|
2|.........|
3|.........|
4|.........|
5|.........|
6|.........|
7|.........|
8|.........|
9|.........|
-|---------|
Set/unset mines marks or claim a cell as free: > 3 7 mine
 |123456789|
-|---------|
1|.........|
2|.........|
3|.........|
4|.........|
5|.........|
6|.........|
7|..*......|
8|.........|
9|.........|
-|---------|
Set/unset mines marks or claim a cell as free: > 1 8 mine
 |123456789|
-|---------|
1|.........|
2|.........|
3|.........|
4|.........|
5|.........|
6|.........|
7|..*......|
8|*........|
9|.........|
-|---------|
Set/unset mines marks or claim a cell as free: > 3 3 free
 |123456789|
-|---------|
1|/////////|
2|/////////|
3|/////////|
4|/////////|
5|111//////|
6|..1//////|
7|..1//////|
8|*.11211//|
9|......1//|
-|---------|
Set/unset mines marks or claim a cell as free: > 2 8 free
 |123456789|
-|---------|
1|/////////|
2|/////////|
3|/////////|
4|/////////|
5|111//////|
6|..1//////|
7|..1//////|
8|*111211//|
9|......1//|
-|---------|
Set/unset mines marks or claim a cell as free: > 3 9 free
 |123456789|
-|---------|
1|/////////|
2|/////////|
3|/////////|
4|/////////|
5|111//////|
6|..1//////|
7|..1//////|
8|*111211//|
9|..1...1//|
-|---------|
Set/unset mines marks or claim a cell as free: > 4 9 mine
 |123456789|
-|---------|
1|/////////|
2|/////////|
3|/////////|
4|/////////|
5|111//////|
6|..1//////|
7|..1//////|
8|*111211//|
9|..1*..1//|
-|---------|
Set/unset mines marks or claim a cell as free: > 1 9 free
 |123456789|
-|---------|
1|/////////|
2|/////////|
3|/////////|
4|/////////|
5|111//////|
6|..1//////|
7|..1//////|
8|1111211//|
9|//1*..1//|
-|---------|
Set/unset mines marks or claim a cell as free: > 4 9 mine
 |123456789|
-|---------|
1|/////////|
2|/////////|
3|/////////|
4|/////////|
5|111//////|
6|..1//////|
7|..1//////|
8|1111211//|
9|//1...1//|
-|---------|
Set/unset mines marks or claim a cell as free: > 4 9 free
 |123456789|
-|---------|
1|/////////|
2|/////////|
3|/////////|
4|/////////|
5|111//////|
6|.X1//////|
7|X.1//////|
8|1111211//|
9|//1X.X1//|
-|---------|
You stepped on a mine and failed!
?[1;31m
Start test 69?[0m
How many mines do you want on the field? > 4
 |123456789|
-|---------|
1|.........|
2|.........|
3|.........|
4|.........|
5|.........|
6|.........|
7|.........|
8|.........|
9|.........|
-|---------|
Set/unset mines marks or claim a cell as free: > 7 2 free
 |123456789|
-|---------|
1|/////////|
2|/////////|
3|//111////|
4|//1.1////|
5|//111////|
6|111//////|
7|..1////11|
8|.21////1.|
9|.1/////1.|
-|---------|
Set/unset mines marks or claim a cell as free: > 1 9 free
 |123456789|
-|---------|
1|/////////|
2|/////////|
3|//111////|
4|//1.1////|
5|//111////|
6|111//////|
7|..1////11|
8|.21////1.|
9|11/////1.|
-|---------|
Set/unset mines marks or claim a cell as free: > 9 8 free
 |123456789|
-|---------|
1|/////////|
2|/////////|
3|//111////|
4|//1X1////|
5|//111////|
6|111//////|
7|.X1////11|
8|X21////1X|
9|11/////1.|
-|---------|
You stepped on a mine and failed!
?[1;31m
Start test 70?[0m
How many mines do you want on the field? > 4
 |123456789|
-|---------|
1|.........|
2|.........|
3|.........|
4|.........|
5|.........|
6|.........|
7|.........|
8|.........|
9|.........|
-|---------|
Set/unset mines marks or claim a cell as free: > 7 3 mine
 |123456789|
-|---------|
1|.........|
2|.........|
3|......*..|
4|.........|
5|.........|
6|.........|
7|.........|
8|.........|
9|.........|
-|---------|
Set/unset mines marks or claim a cell as free: > 9 3 mine
 |123456789|
-|---------|
1|.........|
2|.........|
3|......*.*|
4|.........|
5|.........|
6|.........|
7|.........|
8|.........|
9|.........|
-|---------|
Set/unset mines marks or claim a cell as free: > 7 3 mine
 |123456789|
-|---------|
1|.........|
2|.........|
3|........*|
4|.........|
5|.........|
6|.........|
7|.........|
8|.........|
9|.........|
-|---------|
Set/unset mines marks or claim a cell as free: > 9 1 free
 |123456789|
-|---------|
1|//1..1///|
2|//1.21///|
3|//111////|
4|/////////|
5|///////11|
6|///////1.|
7|/////112.|
8|/////1...|
9|/////1...|
-|---------|
Set/unset mines marks or claim a cell as free: > 7 9 mine
 |123456789|
-|---------|
1|//1..1///|
2|//1.21///|
3|//111////|
4|/////////|
5|///////11|
6|///////1.|
7|/////112.|
8|/////1...|
9|/////1*..|
-|---------|
Set/unset mines marks or claim a cell as free: > 7 9 mine
 |123456789|
-|---------|
1|//1..1///|
2|//1.21///|
3|//111////|
4|/////////|
5|///////11|
6|///////1.|
7|/////112.|
8|/////1...|
9|/////1...|
-|---------|
Set/unset mines marks or claim a cell as free: > 9 7 mine
 |123456789|
-|---------|
1|//1..1///|
2|//1.21///|
3|//111////|
4|/////////|
5|///////11|
6|///////1.|
7|/////112*|
8|/////1...|
9|/////1...|
-|---------|
Set/unset mines marks or claim a cell as free: > 7 9 mine
 |123456789|
-|---------|
1|//1..1///|
2|//1.21///|
3|//111////|
4|/////////|
5|///////11|
6|///////1.|
7|/////112*|
8|/////1...|
9|/////1*..|
-|---------|
Set/unset mines marks or claim a cell as free: > 9 9 free
 |123456789|
-|---------|
1|//1..1///|
2|//1.21///|
3|//111////|
4|/////////|
5|///////11|
6|///////1.|
7|/////1121|
8|/////1.1/|
9|/////1*1/|
-|---------|
Set/unset mines marks or claim a cell as free: > 7 8 free
 |123456789|
-|---------|
1|//1.X1///|
2|//1X21///|
3|//111////|
4|/////////|
5|///////11|
6|///////1X|
7|/////1121|
8|/////1X1/|
9|/////1*1/|
-|---------|
You stepped on a mine and failed!
?[1;31m
Start test 71?[0m
How many mines do you want on the field? > 4
 |123456789|
-|---------|
1|.........|
2|.........|
3|.........|
4|.........|
5|.........|
6|.........|
7|.........|
8|.........|
9|.........|
-|---------|
Set/unset mines marks or claim a cell as free: > 6 8 free
 |123456789|
-|---------|
1|/////////|
2|111//////|
3|..1///111|
4|111//12..|
5|/////1...|
6|/////112.|
7|///////1.|
8|///////11|
9|/////////|
-|---------|
Set/unset mines marks or claim a cell as free: > 9 4 free
 |123456789|
-|---------|
1|/////////|
2|111//////|
3|..1///111|
4|111//12.1|
5|/////1...|
6|/////112.|
7|///////1.|
8|///////11|
9|/////////|
-|---------|
Set/unset mines marks or claim a cell as free: > 7 5 mine
 |123456789|
-|---------|
1|/////////|
2|111//////|
3|..1///111|
4|111//12.1|
5|/////1*..|
6|/////112.|
7|///////1.|
8|///////11|
9|/////////|
-|---------|
Set/unset mines marks or claim a cell as free: > 7 5 mine
 |123456789|
-|---------|
1|/////////|
2|111//////|
3|..1///111|
4|111//12.1|
5|/////1...|
6|/////112.|
7|///////1.|
8|///////11|
9|/////////|
-|---------|
Set/unset mines marks or claim a cell as free: > 1 3 mine
 |123456789|
-|---------|
1|/////////|
2|111//////|
3|*.1///111|
4|111//12.1|
5|/////1...|
6|/////112.|
7|///////1.|
8|///////11|
9|/////////|
-|---------|
Set/unset mines marks or claim a cell as free: > 9 6 free
 |123456789|
-|---------|
1|/////////|
2|111//////|
3|*.1///111|
4|111//12.1|
5|/////1...|
6|/////1121|
7|///////1.|
8|///////11|
9|/////////|
-|---------|
Set/unset mines marks or claim a cell as free: > 8 4 mine
 |123456789|
-|---------|
1|/////////|
2|111//////|
3|*.1///111|
4|111//12*1|
5|/////1...|
6|/////1121|
7|///////1.|
8|///////11|
9|/////////|
-|---------|
Set/unset mines marks or claim a cell as free: > 9 7 mine
 |123456789|
-|---------|
1|/////////|
2|111//////|
3|*.1///111|
4|111//12*1|
5|/////1...|
6|/////1121|
7|///////1*|
8|///////11|
9|/////////|
-|---------|
Set/unset mines marks or claim a cell as free: > 8 4 mine
 |123456789|
-|---------|
1|/////////|
2|111//////|
3|*.1///111|
4|111//12.1|
5|/////1...|
6|/////1121|
7|///////1*|
8|///////11|
9|/////////|
-|---------|
Set/unset mines marks or claim a cell as free: > 9 5 free
 |123456789|
-|---------|
1|/////////|
2|111//////|
3|*.1///111|
4|111//12.1|
5|/////1..1|
6|/////1121|
7|///////1*|
8|///////11|
9|/////////|
-|---------|
Set/unset mines marks or claim a cell as free: > 9 7 mine
 |123456789|
-|---------|
1|/////////|
2|111//////|
3|*.1///111|
4|111//12.1|
5|/////1..1|
6|/////1121|
7|///////1.|
8|///////11|
9|/////////|
-|---------|
Set/unset mines marks or claim a cell as free: > 8 4 mine
 |123456789|
-|---------|
1|/////////|
2|111//////|
3|*.1///111|
4|111//12*1|
5|/////1..1|
6|/////1121|
7|///////1.|
8|///////11|
9|/////////|
-|---------|
Set/unset mines marks or claim a cell as free: > 8 4 mine
 |123456789|
-|---------|
1|/////////|
2|111//////|
3|*.1///111|
4|111//12.1|
5|/////1..1|
6|/////1121|
7|///////1.|
8|///////11|
9|/////////|
-|---------|
Set/unset mines marks or claim a cell as free: > 8 5 free
 |123456789|
-|---------|
1|/////////|
2|111//////|
3|*.1///111|
4|111//12.1|
5|/////1.21|
6|/////1121|
7|///////1.|
8|///////11|
9|/////////|
-|---------|
Set/unset mines marks or claim a cell as free: > 9 7 free
 |123456789|
-|---------|
1|/////////|
2|111//////|
3|*X1///111|
4|111//12X1|
5|/////1X21|
6|/////1121|
7|///////1X|
8|///////11|
9|/////////|
-|---------|
You stepped on a mine and failed!
?[1;31m
Start test 72?[0m
How many mines do you want on the field? > 4
 |123456789|
-|---------|
1|.........|
2|.........|
3|.........|
4|.........|
5|.........|
6|.........|
7|.........|
8|.........|
9|.........|
-|---------|
Set/unset mines marks or claim a cell as free: > 7 1 mine
 |123456789|
-|---------|
1|......*..|
2|.........|
3|.........|
4|.........|
5|.........|
6|.........|
7|.........|
8|.........|
9|.........|
-|---------|
Set/unset mines marks or claim a cell as free: > 4 5 free
 |123456789|
-|---------|
1|/////////|
2|/111/////|
3|/1.1/////|
4|/111/////|
5|111//////|
6|..211////|
7|....21///|
8|.....1///|
9|.....1///|
-|---------|
Set/unset mines marks or claim a cell as free: > 4 8 free
 |123456789|
-|---------|
1|/////////|
2|/111/////|
3|/1.1/////|
4|/111/////|
5|111//////|
6|..211////|
7|....21///|
8|...2.1///|
9|.....1///|
-|---------|
Set/unset mines marks or claim a cell as free: > 4 7 mine
 |123456789|
-|---------|
1|/////////|
2|/111/////|
3|/1.1/////|
4|/111/////|
5|111//////|
6|..211////|
7|...*21///|
8|...2.1///|
9|.....1///|
-|---------|
Set/unset mines marks or claim a cell as free: > 4 7 mine
 |123456789|
-|---------|
1|/////////|
2|/111/////|
3|/1.1/////|
4|/111/////|
5|111//////|
6|..211////|
7|....21///|
8|...2.1///|
9|.....1///|
-|---------|
Set/unset mines marks or claim a cell as free: > 1 6 free
 |123456789|
-|---------|
1|/////////|
2|/111/////|
3|/1.1/////|
4|/111/////|
5|111//////|
6|1.211////|
7|....21///|
8|...2.1///|
9|.....1///|
-|---------|
Set/unset mines marks or claim a cell as free: > 4 9 free
 |123456789|
-|---------|
1|/////////|
2|/111/////|
3|/1.1/////|
4|/111/////|
5|111//////|
6|1.211////|
7|....21///|
8|...2.1///|
9|...1.1///|
-|---------|
Set/unset mines marks or claim a cell as free: > 4 7 free
 |123456789|
-|---------|
1|/////////|
2|/111/////|
3|/1X1/////|
4|/111/////|
5|111//////|
6|1X211////|
7|...X21///|
8|...2X1///|
9|...1.1///|
-|---------|
You stepped on a mine and failed!
?[1;31m
Start test 73?[0m
How many mines do you want on the field? > 4
 |123456789|
-|---------|
1|.........|
2|.........|
3|.........|
4|.........|
5|.........|
6|.........|
7|.........|
8|.........|
9|.........|
-|---------|
Set/unset mines marks or claim a cell as free: > 4 5 free
 |123456789|
-|---------|
1|/1....1//|
2|/1111.1//|
3|////111//|
4|/////////|
5|/////////|
6|/////////|
7|/////111/|
8|11///1.1/|
9|.1///1.1/|
-|---------|
Set/unset mines marks or claim a cell as free: > 1 9 mine
 |123456789|
-|---------|
1|/1....1//|
2|/1111.1//|
3|////111//|
4|/////////|
5|/////////|
6|/////////|
7|/////111/|
8|11///1.1/|
9|*1///1.1/|
-|---------|
Set/unset mines marks or claim a cell as free: > 6 1 free
 |123456789|
-|---------|
1|/1...11//|
2|/1111.1//|
3|////111//|
4|/////////|
5|/////////|
6|/////////|
7|/////111/|
8|11///1.1/|
9|*1///1.1/|
-|---------|
Set/unset mines marks or claim a cell as free: > 6 2 free
 |123456789|
-|---------|
1|/1X..11//|
2|/1111X1//|
3|////111//|
4|/////////|
5|/////////|
6|/////////|
7|/////111/|
8|11///1X1/|
9|X1///1.1/|
-|---------|
You stepped on a mine and failed!
?[1;31m
Start test 74?[0m
How many mines do you want on the field? > 4
 |123456789|
-|---------|
1|.........|
2|.........|
3|.........|
4|.........|
5|.........|
6|.........|
7|.........|
8|.........|
9|.........|
-|---------|
Set/unset mines marks or claim a cell as free: > 4 1 free
 |123456789|
-|---------|
1|/////////|
2|/111/////|
3|/1.1/////|
4|/1221////|
5|//1.1////|
6|11111////|
7|.2///////|
8|.2///////|
9|.1///////|
-|---------|
Set/unset mines marks or claim a cell as free: > 4 5 free
 |123456789|
-|---------|
1|/////////|
2|/111/////|
3|/1X1/////|
4|/1221////|
5|//1X1////|
6|11111////|
7|X2///////|
8|X2///////|
9|.1///////|
-|---------|
You stepped on a mine and failed!
?[1;31m
Start test 75?[0m
How many mines do you want on the field? > 4
 |123456789|
-|---------|
1|.........|
2|.........|
3|.........|
4|.........|
5|.........|
6|.........|
7|.........|
8|.........|
9|.........|
-|---------|
Set/unset mines marks or claim a cell as free: > 7 7 free
 |123456789|
-|---------|
1|.......X.|
2|.........|
3|.....X...|
4|........X|
5|.........|
6|.........|
7|......X..|
8|.........|
9|.........|
-|---------|
You stepped on a mine and failed!
?[1;31m
Start test 76?[0m
How many mines do you want on the field? > 4
 |123456789|
-|---------|
1|.........|
2|.........|
3|.........|
4|.........|
5|.........|
6|.........|
7|.........|
8|.........|
9|.........|
-|---------|
Set/unset mines marks or claim a cell as free: > 5 7 mine
 |123456789|
-|---------|
1|.........|
2|.........|
3|.........|
4|.........|
5|.........|
6|.........|
7|....*....|
8|.........|
9|.........|
-|---------|
Set/unset mines marks or claim a cell as free: > 9 6 free
 |123456789|
-|---------|
1|/////1...|
2|/////113.|
3|///////1.|
4|///////11|
5|/////////|
6|111//////|
7|..1//////|
8|111//////|
9|/////////|
-|---------|
Set/unset mines marks or claim a cell as free: > 9 1 free
 |123456789|
-|---------|
1|/////1X.X|
2|/////113.|
3|///////1X|
4|///////11|
5|/////////|
6|111//////|
7|.X1//////|
8|111//////|
9|/////////|
-|---------|
You stepped on a mine and failed!
?[1;31m
Start test 77?[0m
How many mines do you want on the field? > 4
 |123456789|
-|---------|
1|.........|
2|.........|
3|.........|
4|.........|
5|.........|
6|.........|
7|.........|
8|.........|
9|.........|
-|---------|
Set/unset mines marks or claim a cell as free: > 5 5 free
 |123456789|
-|---------|
1|//1.1////|
2|//1.1////|
3|//111////|
4|/////////|
5|///////11|
6|///////1.|
7|11/////11|
8|.21//////|
9|..1//////|
-|---------|
Set/unset mines marks or claim a cell as free: > 9 6 free
 |123456789|
-|---------|
1|//1.1////|
2|//1X1////|
3|//111////|
4|/////////|
5|///////11|
6|///////1X|
7|11/////11|
8|X21//////|
9|.X1//////|
-|---------|
You stepped on a mine and failed!
?[1;31m
Start test 78?[0m
How many mines do you want on the field? > 4
 |123456789|
-|---------|
1|.........|
2|.........|
3|.........|
4|.........|
5|.........|
6|.........|
7|.........|
8|.........|
9|.........|
-|---------|
Set/unset mines marks or claim a cell as free: > 5 5 free
 |123456789|
-|---------|
1|.........|
2|.........|
3|.........|
4|.........|
5|....1....|
6|.........|
7|.........|
8|.........|
9|.........|
-|---------|
Set/unset mines marks or claim a cell as free: > 9 2 mine
 |123456789|
-|---------|
1|.........|
2|........*|
3|.........|
4|.........|
5|....1....|
6|.........|
7|.........|
8|.........|
9|.........|
-|---------|
Set/unset mines marks or claim a cell as free: > 6 5 free
 |123456789|
-|---------|
1|.........|
2|........*|
3|......X..|
4|.......X.|
5|....1X...|
6|.........|
7|.........|
8|.........|
9|......X..|
-|---------|
You stepped on a mine and failed!
?[1;31m
Start test 79?[0m
How many mines do you want on the field? > 4
 |123456789|
-|---------|
1|.........|
2|.........|
3|.........|
4|.........|
5|.........|
6|.........|
7|.........|
8|.........|
9|.........|
-|---------|
Set/unset mines marks or claim a cell as free: > 5 8 free
 |123456789|
-|---------|
1|/////////|
2|111//////|
3|..1111///|
4|1111.1///|
5|///111///|
6|///////11|
7|/111///1.|
8|/1.1///11|
9|/1.1/////|
-|---------|
Set/unset mines marks or claim a cell as free: > 5 4 mine
 |123456789|
-|---------|
1|/////////|
2|111//////|
3|..1111///|
4|1111*1///|
5|///111///|
6|///////11|
7|/111///1.|
8|/1.1///11|
9|/1.1/////|
-|---------|
Set/unset mines marks or claim a cell as free: > 3 8 mine
 |123456789|
-|---------|
1|/////////|
2|111//////|
3|..1111///|
4|1111*1///|
5|///111///|
6|///////11|
7|/111///1.|
8|/1*1///11|
9|/1.1/////|
-|---------|
Set/unset mines marks or claim a cell as free: > 3 9 free
 |123456789|
-|---------|
1|/////////|
2|111//////|
3|..1111///|
4|1111*1///|
5|///111///|
6|///////11|
7|/111///1.|
8|/1*1///11|
9|/111/////|
-|---------|
Set/unset mines marks or claim a cell as free: > 2 3 mine
 |123456789|
-|---------|
1|/////////|
2|111//////|
3|.*1111///|
4|1111*1///|
5|///111///|
6|///////11|
7|/111///1.|
8|/1*1///11|
9|/111/////|
-|---------|
Set/unset mines marks or claim a cell as free: > 9 7 free
 |123456789|
-|---------|
1|/////////|
2|111//////|
3|.X1111///|
4|1111X1///|
5|///111///|
6|///////11|
7|/111///1X|
8|/1X1///11|
9|/111/////|
-|---------|
You stepped on a mine and failed!
?[1;31m
Start test 80?[0m
How many mines do you want on the field? > 4
 |123456789|
-|---------|
1|.........|
2|.........|
3|.........|
4|.........|
5|.........|
6|.........|
7|.........|
8|.........|
9|.........|
-|---------|
Set/unset mines marks or claim a cell as free: > 7 5 mine
 |123456789|
-|---------|
1|.........|
2|.........|
3|.........|
4|.........|
5|......*..|
6|.........|
7|.........|
8|.........|
9|.........|
-|---------|
Set/unset mines marks or claim a cell as free: > 6 3 free
 |123456789|
-|---------|
1|.........|
2|.........|
3|.....1...|
4|.........|
5|......*..|
6|.........|
7|.........|
8|.........|
9|.........|
-|---------|
Set/unset mines marks or claim a cell as free: > 7 5 mine
 |123456789|
-|---------|
1|.........|
2|.........|
3|.....1...|
4|.........|
5|.........|
6|.........|
7|.........|
8|.........|
9|.........|
-|---------|
Set/unset mines marks or claim a cell as free: > 2 6 free
 |123456789|
-|---------|
1|.........|
2|.........|
3|.....1...|
4|.........|
5|.........|
6|.1.......|
7|.........|
8|.........|
9|.........|
-|---------|
Set/unset mines marks or claim a cell as free: > 3 8 mine
 |123456789|
-|---------|
1|.........|
2|.........|
3|.....1...|
4|.........|
5|.........|
6|.1.......|
7|.........|
8|..*......|
9|.........|
-|---------|
Set/unset mines marks or claim a cell as free: > 8 6 mine
 |123456789|
-|---------|
1|.........|
2|.........|
3|.....1...|
4|.........|
5|.........|
6|.1.....*.|
7|.........|
8|..*......|
9|.........|
-|---------|
Set/unset mines marks or claim a cell as free: > 2 3 free
 |123456789|
-|---------|
1|/////////|
2|/////////|
3|/////111/|
4|111//1.1/|
5|..1//2.2/|
6|.11//1.1/|
7|..1//111/|
8|..1//////|
9|..1//////|
-|---------|
Set/unset mines marks or claim a cell as free: > 2 8 free
 |123456789|
-|---------|
1|/////////|
2|/////////|
3|/////111/|
4|111//1X1/|
5|.X1//2.2/|
6|.11//1X1/|
7|..1//111/|
8|.X1//////|
9|..1//////|
-|---------|
You stepped on a mine and failed!
?[1;31m
Start test 81?[0m
How many mines do you want on the field? > 5
 |123456789|
-|---------|
1|.........|
2|.........|
3|.........|
4|.........|
5|.........|
6|.........|
7|.........|
8|.........|
9|.........|
-|---------|
Set/unset mines marks or claim a cell as free: > 2 5 mine
 |123456789|
-|---------|
1|.........|
2|.........|
3|.........|
4|.........|
5|.*.......|
6|.........|
7|.........|
8|.........|
9|.........|
-|---------|
Set/unset mines marks or claim a cell as free: > 6 8 free
 |123456789|
-|---------|
1|......1//|
2|......1//|
3|12..211//|
4|/1.21////|
5|/111/////|
6|/////////|
7|//////111|
8|//////1..|
9|//////1..|
-|---------|
Set/unset mines marks or claim a cell as free: > 6 1 mine
 |123456789|
-|---------|
1|.....*1//|
2|......1//|
3|12..211//|
4|/1.21////|
5|/111/////|
6|/////////|
7|//////111|
8|//////1..|
9|//////1..|
-|---------|
Set/unset mines marks or claim a cell as free: > 9 9 mine
 |123456789|
-|---------|
1|.....*1//|
2|......1//|
3|12..211//|
4|/1.21////|
5|/111/////|
6|/////////|
7|//////111|
8|//////1..|
9|//////1.*|
-|---------|
Set/unset mines marks or claim a cell as free: > 5 2 mine
 |123456789|
-|---------|
1|.....*1//|
2|....*.1//|
3|12..211//|
4|/1.21////|
5|/111/////|
6|/////////|
7|//////111|
8|//////1..|
9|//////1.*|
-|---------|
Set/unset mines marks or claim a cell as free: > 3 3 free
 |123456789|
-|---------|
1|.....*1//|
2|....*.1//|
3|122.211//|
4|/1.21////|
5|/111/////|
6|/////////|
7|//////111|
8|//////1..|
9|//////1.*|
-|---------|
Set/unset mines marks or claim a cell as free: > 4 3 mine
 |123456789|
-|---------|
1|.....*1//|
2|....*.1//|
3|122*211//|
4|/1.21////|
5|/111/////|
6|/////////|
7|//////111|
8|//////1..|
9|//////1.*|
-|---------|
Set/unset mines marks or claim a cell as free: > 6 1 mine
 |123456789|
-|---------|
1|......1//|
2|....*.1//|
3|122*211//|
4|/1.21////|
5|/111/////|
6|/////////|
7|//////111|
8|//////1..|
9|//////1.*|
-|---------|
Set/unset mines marks or claim a cell as free: > 1 2 mine
 |123456789|
-|---------|
1|......1//|
2|*...*.1//|
3|122*211//|
4|/1.21////|
5|/111/////|
6|/////////|
7|//////111|
8|//////1..|
9|//////1.*|
-|---------|
Set/unset mines marks or claim a cell as free: > 2 2 mine
 |123456789|
-|---------|
1|......1//|
2|**..*.1//|
3|122*211//|
4|/1.21////|
5|/111/////|
6|/////////|
7|//////111|
8|//////1..|
9|//////1.*|
-|---------|
Set/unset mines marks or claim a cell as free: > 1 1 free
 |123456789|
-|---------|
1|1.....1//|
2|**..*.1//|
3|122*211//|
4|/1.21////|
5|/111/////|
6|/////////|
7|//////111|
8|//////1..|
9|//////1.*|
-|---------|
Set/unset mines marks or claim a cell as free: > 6 2 free
 |123456789|
-|---------|
1|1.....1//|
2|X*..*X1//|
3|122X211//|
4|/1X21////|
5|/111/////|
6|/////////|
7|//////111|
8|//////1X.|
9|//////1.*|
-|---------|
You stepped on a mine and failed!
?[1;31m
Start test 82?[0m
How many mines do you want on the field? > 5
 |123456789|
-|---------|
1|.........|
2|.........|
3|.........|
4|.........|
5|.........|
6|.........|
7|.........|
8|.........|
9|.........|
-|---------|
Set/unset mines marks or claim a cell as free: > 8 5 free
 |123456789|
-|---------|
1|.........|
2|.........|
3|.........|
4|.........|
5|.......1.|
6|.........|
7|.........|
8|.........|
9|.........|
-|---------|
Set/unset mines marks or claim a cell as free: > 1 2 free
 |123456789|
-|---------|
1|.........|
2|X........|
3|.........|
4|.........|
5|.......1X|
6|.........|
7|.........|
8|.X...X...|
9|...X.....|
-|---------|
You stepped on a mine and failed!
?[1;31m
Start test 83?[0m
How many mines do you want on the field? > 6
 |123456789|
-|---------|
1|.........|
2|.........|
3|.........|
4|.........|
5|.........|
6|.........|
7|.........|
8|.........|
9|.........|
-|---------|
Set/unset mines marks or claim a cell as free: > 7 5 free
 |123456789|
-|---------|
1|.........|
2|.........|
3|.........|
4|.........|
5|......1..|
6|.........|
7|.........|
8|.........|
9|.........|
-|---------|
Set/unset mines marks or claim a cell as free: > 5 3 free
 |123456789|
-|---------|
1|////1.1//|
2|////111//|
3|/////////|
4|////111//|
5|////1.1//|
6|/1111.111|
7|/2.......|
8|/2.......|
9|/1.......|
-|---------|
Set/unset mines marks or claim a cell as free: > 9 8 free
 |123456789|
-|---------|
1|////1.1//|
2|////111//|
3|/////////|
4|////111//|
5|////1.1//|
6|/1111.111|
7|/2.......|
8|/2......2|
9|/1.......|
-|---------|
Set/unset mines marks or claim a cell as free: > 8 8 free
 |123456789|
-|---------|
1|////1.1//|
2|////111//|
3|/////////|
4|////111//|
5|////1.1//|
6|/1111.111|
7|/2.......|
8|/2.....22|
9|/1.......|
-|---------|
Set/unset mines marks or claim a cell as free: > 4 8 mine
 |123456789|
-|---------|
1|////1.1//|
2|////111//|
3|/////////|
4|////111//|
5|////1.1//|
6|/1111.111|
7|/2.......|
8|/2.*...22|
9|/1.......|
-|---------|
Set/unset mines marks or claim a cell as free: > 8 7 mine
 |123456789|
-|---------|
1|////1.1//|
2|////111//|
3|/////////|
4|////111//|
5|////1.1//|
6|/1111.111|
7|/2.....*.|
8|/2.*...22|
9|/1.......|
-|---------|
Set/unset mines marks or claim a cell as free: > 3 9 free
 |123456789|
-|---------|
1|////1.1//|
2|////111//|
3|/////////|
4|////111//|
5|////1.1//|
6|/1111.111|
7|/2.....*.|
8|/2.*...22|
9|/11......|
-|---------|
Set/unset mines marks or claim a cell as free: > 5 7 free
 |123456789|
-|---------|
1|////1.1//|
2|////111//|
3|/////////|
4|////111//|
5|////1.1//|
6|/11111111|
7|/2.2///1.|
8|/2.2///22|
9|/111///1.|
-|---------|
Congratulations! You found all mines!
?[1;31m
Start test 84?[0m
How many mines do you want on the field? > 6
 |123456789|
-|---------|
1|.........|
2|.........|
3|.........|
4|.........|
5|.........|
6|.........|
7|.........|
8|.........|
9|.........|
-|---------|
Set/unset mines marks or claim a cell as free: > 1 8 free
 |123456789|
-|---------|
1|.........|
2|.........|
3|.........|
4|.........|
5|.........|
6|.........|
7|.........|
8|1........|
9|.........|
-|---------|
Set/unset mines marks or claim a cell as free: > 7 1 free
 |123456789|
-|---------|
1|/////////|
2|111//////|
3|..211221/|
4|12.....1/|
5|/11112.1/|
6|/////1.1/|
7|/////1.1/|
8|11///111/|
9|.1///////|
-|---------|
Set/unset mines marks or claim a cell as free: > 1 3 free
 |123456789|
-|---------|
1|/////////|
2|111//////|
3|1.211221/|
4|12.....1/|
5|/11112.1/|
6|/////1.1/|
7|/////1.1/|
8|11///111/|
9|.1///////|
-|---------|
Set/unset mines marks or claim a cell as free: > 7 5 free
 |123456789|
-|---------|
1|/////////|
2|111//////|
3|1.211221/|
4|12.....1/|
5|/1111221/|
6|/////1.1/|
7|/////1.1/|
8|11///111/|
9|.1///////|
-|---------|
Set/unset mines marks or claim a cell as free: > 6 4 free
 |123456789|
-|---------|
1|/////////|
2|111//////|
3|1X211221/|
4|12X..XX1/|
5|/1111221/|
6|/////1.1/|
7|/////1X1/|
8|11///111/|
9|X1///////|
-|---------|
You stepped on a mine and failed!
?[1;31m
Start test 85?[0m
How many mines do you want on the field? > 7
 |123456789|
-|---------|
1|.........|
2|.........|
3|.........|
4|.........|
5|.........|
6|.........|
7|.........|
8|.........|
9|.........|
-|---------|
Set/unset mines marks or claim a cell as free: > 6 5 free
 |123456789|
-|---------|
1|//////1..|
2|111///1..|
3|..1///2..|
4|111///1..|
5|//////111|
6|///111///|
7|///1.1///|
8|/112.1111|
9|/1.......|
-|---------|
Set/unset mines marks or claim a cell as free: > 5 9 free
 |123456789|
-|---------|
1|//////1..|
2|111///1..|
3|..1///2..|
4|111///1..|
5|//////111|
6|///111///|
7|///1.1///|
8|/11211111|
9|/1.1//1..|
-|---------|
Set/unset mines marks or claim a cell as free: > 8 9 mine
 |123456789|
-|---------|
1|//////1..|
2|111///1..|
3|..1///2..|
4|111///1..|
5|//////111|
6|///111///|
7|///1.1///|
8|/11211111|
9|/1.1//1*.|
-|---------|
Set/unset mines marks or claim a cell as free: > 8 2 mine
 |123456789|
-|---------|
1|//////1..|
2|111///1*.|
3|..1///2..|
4|111///1..|
5|//////111|
6|///111///|
7|///1.1///|
8|/11211111|
9|/1.1//1*.|
-|---------|
Set/unset mines marks or claim a cell as free: > 1 3 free
 |123456789|
-|---------|
1|//////1..|
2|111///1*.|
3|1.1///2..|
4|111///1..|
5|//////111|
6|///111///|
7|///1.1///|
8|/11211111|
9|/1.1//1*.|
-|---------|
Set/unset mines marks or claim a cell as free: > 8 1 free
 |123456789|
-|---------|
1|//////11.|
2|111///1*.|
3|1.1///2..|
4|111///1..|
5|//////111|
6|///111///|
7|///1.1///|
8|/11211111|
9|/1.1//1*.|
-|---------|
Set/unset mines marks or claim a cell as free: > 8 2 mine
 |123456789|
-|---------|
1|//////11.|
2|111///1..|
3|1.1///2..|
4|111///1..|
5|//////111|
6|///111///|
7|///1.1///|
8|/11211111|
9|/1.1//1*.|
-|---------|
Set/unset mines marks or claim a cell as free: > 8 4 free
 |123456789|
-|---------|
1|//////11.|
2|111///1X.|
3|1X1///2.X|
4|111///1X.|
5|//////111|
6|///111///|
7|///1X1///|
8|/11211111|
9|/1X1//1X.|
-|---------|
You stepped on a mine and failed!
?[1;31m
Start test 86?[0m
How many mines do you want on the field? > 7
 |123456789|
-|---------|
1|.........|
2|.........|
3|.........|
4|.........|
5|.........|
6|.........|
7|.........|
8|.........|
9|.........|
-|---------|
Set/unset mines marks or claim a cell as free: > 8 1 free
 |123456789|
-|---------|
1|////1.1//|
2|////111//|
3|/////////|
4|11/////11|
5|.1//1122.|
6|.1//1....|
7|.1//1....|
8|.1//1....|
9|.1//1....|
-|---------|
Set/unset mines marks or claim a cell as free: > 9 9 free
 |123456789|
-|---------|
1|////1.1//|
2|////111//|
3|/////////|
4|11/////11|
5|.1//1122.|
6|.1//1....|
7|.1//1.211|
8|.1//1.1//|
9|.1//1.1//|
-|---------|
Set/unset mines marks or claim a cell as free: > 6 6 free
 |123456789|
-|---------|
1|////1X1//|
2|////111//|
3|/////////|
4|11/////11|
5|X1//1122X|
6|.1//1X.X.|
7|.1//1.211|
8|X1//1.1//|
9|.1//1X1//|
-|---------|
You stepped on a mine and failed!
?[1;31m
Start test 87?[0m
How many mines do you want on the field? > 8
 |123456789|
-|---------|
1|.........|
2|.........|
3|.........|
4|.........|
5|.........|
6|.........|
7|.........|
8|.........|
9|.........|
-|---------|
Set/unset mines marks or claim a cell as free: > 5 3 mine
 |123456789|
-|---------|
1|.........|
2|.........|
3|....*....|
4|.........|
5|.........|
6|.........|
7|.........|
8|.........|
9|.........|
-|---------|
Set/unset mines marks or claim a cell as free: > 5 1 mine
 |123456789|
-|---------|
1|....*....|
2|.........|
3|....*....|
4|.........|
5|.........|
6|.........|
7|.........|
8|.........|
9|.........|
-|---------|
Set/unset mines marks or claim a cell as free: > 6 4 free
 |123456789|
-|---------|
1|/1..*....|
2|/1111....|
3|////112..|
4|//////1..|
5|/////12..|
6|/////1...|
7|/////2...|
8|/111/2...|
9|/1.1/2...|
-|---------|
Set/unset mines marks or claim a cell as free: > 7 7 free
 |123456789|
-|---------|
1|/1..*....|
2|/1111....|
3|////112..|
4|//////1..|
5|/////12..|
6|/////1...|
7|/////22..|
8|/111/2...|
9|/1.1/2...|
-|---------|
Set/unset mines marks or claim a cell as free: > 7 1 mine
 |123456789|
-|---------|
1|/1..*.*..|
2|/1111....|
3|////112..|
4|//////1..|
5|/////12..|
6|/////1...|
7|/////22..|
8|/111/2...|
9|/1.1/2...|
-|---------|
Set/unset mines marks or claim a cell as free: > 5 1 mine
 |123456789|
-|---------|
1|/1....*..|
2|/1111....|
3|////112..|
4|//////1..|
5|/////12..|
6|/////1...|
7|/////22..|
8|/111/2...|
9|/1.1/2...|
-|---------|
Set/unset mines marks or claim a cell as free: > 9 4 free
 |123456789|
-|---------|
1|/1....*..|
2|/1111....|
3|////112..|
4|//////1.1|
5|/////12..|
6|/////1...|
7|/////22..|
8|/111/2...|
9|/1.1/2...|
-|---------|
Set/unset mines marks or claim a cell as free: > 7 1 mine
 |123456789|
-|---------|
1|/1.......|
2|/1111....|
3|////112..|
4|//////1.1|
5|/////12..|
6|/////1...|
7|/////22..|
8|/111/2...|
9|/1.1/2...|
-|---------|
Set/unset mines marks or claim a cell as free: > 3 9 free
 |123456789|
-|---------|
1|/1X......|
2|/1111X..X|
3|////112..|
4|//////1X1|
5|/////12..|
6|/////1X..|
7|/////22..|
8|/111/2X..|
9|/1X1/2X..|
-|---------|
You stepped on a mine and failed!
?[1;31m
Start test 88?[0m
How many mines do you want on the field? > 8
 |123456789|
-|---------|
1|.........|
2|.........|
3|.........|
4|.........|
5|.........|
6|.........|
7|.........|
8|.........|
9|.........|
-|---------|
Set/unset mines marks or claim a cell as free: > 3 7 free
 |123456789|
-|---------|
1|.........|
2|.........|
3|.........|
4|.........|
5|.........|
6|.........|
7|..1......|
8|.........|
9|.........|
-|---------|
Set/unset mines marks or claim a cell as free: > 5 9 mine
 |123456789|
-|---------|
1|.........|
2|.........|
3|.........|
4|.........|
5|.........|
6|.........|
7|..1......|
8|.........|
9|....*....|
-|---------|
Set/unset mines marks or claim a cell as free: > 7 1 free
 |123456789|
-|---------|
1|......2..|
2|.........|
3|.........|
4|.........|
5|.........|
6|.........|
7|..1......|
8|.........|
9|....*....|
-|---------|
Set/unset mines marks or claim a cell as free: > 8 7 free
 |123456789|
-|---------|
1|///1..2..|
2|///1..222|
3|///1221//|
4|11///////|
5|.21//////|
6|..1//////|
7|111//////|
8|///111111|
9|///1*....|
-|---------|
Set/unset mines marks or claim a cell as free: > 6 1 free
 |123456789|
-|---------|
1|///1.22..|
2|///1..222|
3|///1221//|
4|11///////|
5|.21//////|
6|..1//////|
7|111//////|
8|///111111|
9|///1*....|
-|---------|
Set/unset mines marks or claim a cell as free: > 2 6 free
 |123456789|
-|---------|
1|///1.22XX|
2|///1XX222|
3|///1221//|
4|11///////|
5|X21//////|
6|.X1//////|
7|111//////|
8|///111111|
9|///1X..X.|
-|---------|
You stepped on a mine and failed!
?[1;31m
Start test 89?[0m
How many mines do you want on the field? > 9
 |123456789|
-|---------|
1|.........|
2|.........|
3|.........|
4|.........|
5|.........|
6|.........|
7|.........|
8|.........|
9|.........|
-|---------|
Set/unset mines marks or claim a cell as free: > 4 3 free
 |123456789|
-|---------|
1|.........|
2|.........|
3|...1.....|
4|.........|
5|.........|
6|.........|
7|.........|
8|.........|
9|.........|
-|---------|
Set/unset mines marks or claim a cell as free: > 1 6 free
 |123456789|
-|---------|
1|.........|
2|.........|
3|...1.....|
4|.........|
5|.........|
6|1........|
7|.........|
8|.........|
9|.........|
-|---------|
Set/unset mines marks or claim a cell as free: > 1 1 free
 |123456789|
-|---------|
1|2........|
2|.........|
3|...1.....|
4|.........|
5|.........|
6|1........|
7|.........|
8|.........|
9|.........|
-|---------|
Set/unset mines marks or claim a cell as free: > 5 6 free
 |123456789|
-|---------|
1|2........|
2|.........|
3|...1.....|
4|.........|
5|.........|
6|1...1....|
7|.........|
8|.........|
9|.........|
-|---------|
Set/unset mines marks or claim a cell as free: > 2 5 free
 |123456789|
-|---------|
1|2.1//////|
2|.31//////|
3|.2/11211/|
4|11/1...21|
5|///12....|
6|111/11...|
7|..1//1...|
8|111//1...|
9|/////1...|
-|---------|
Set/unset mines marks or claim a cell as free: > 8 5 free
 |123456789|
-|---------|
1|2X1//////|
2|X31//////|
3|X2/11211/|
4|11/1X.X21|
5|///12X.X.|
6|111/11...|
7|.X1//1...|
8|111//1X..|
9|/////1...|
-|---------|
You stepped on a mine and failed!
?[1;31m
Start test 90?[0m
How many mines do you want on the field? > 9
 |123456789|
-|---------|
1|.........|
2|.........|
3|.........|
4|.........|
5|.........|
6|.........|
7|.........|
8|.........|
9|.........|
-|---------|
Set/unset mines marks or claim a cell as free: > 5 4 free
 |123456789|
-|---------|
1|......1//|
2|..111.1//|
3|..1/111//|
4|..1//////|
5|..1111///|
6|.....1///|
7|.....2///|
8|.....1///|
9|.....1///|
-|---------|
Set/unset mines marks or claim a cell as free: > 2 2 mine
 |123456789|
-|---------|
1|......1//|
2|.*111.1//|
3|..1/111//|
4|..1//////|
5|..1111///|
6|.....1///|
7|.....2///|
8|.....1///|
9|.....1///|
-|---------|
Set/unset mines marks or claim a cell as free: > 3 9 free
 |123456789|
-|---------|
1|......1//|
2|.*111.1//|
3|..1/111//|
4|..1//////|
5|..1111///|
6|.....1///|
7|.....2///|
8|.....1///|
9|..3..1///|
-|---------|
Set/unset mines marks or claim a cell as free: > 3 1 free
 |123456789|
-|---------|
1|..X...1//|
2|.*111X1//|
3|..1/111//|
4|.X1//////|
5|..1111///|
6|X...X1///|
7|.....2///|
8|..X.X1///|
9|.X3X.1///|
-|---------|
You stepped on a mine and failed!
?[1;31m
Start test 91?[0m
How many mines do you want on the field? > 10
 |123456789|
-|---------|
1|.........|
2|.........|
3|.........|
4|.........|
5|.........|
6|.........|
7|.........|
8|.........|
9|.........|
-|---------|
Set/unset mines marks or claim a cell as free: > 9 3 mine
 |123456789|
-|---------|
1|.........|
2|.........|
3|........*|
4|.........|
5|.........|
6|.........|
7|.........|
8|.........|
9|.........|
-|---------|
Set/unset mines marks or claim a cell as free: > 8 2 mine
 |123456789|
-|---------|
1|.........|
2|.......*.|
3|........*|
4|.........|
5|.........|
6|.........|
7|.........|
8|.........|
9|.........|
-|---------|
Set/unset mines marks or claim a cell as free: > 6 2 free
 |123456789|
-|---------|
1|.........|
2|.....1.*.|
3|........*|
4|.........|
5|.........|
6|.........|
7|.........|
8|.........|
9|.........|
-|---------|
Set/unset mines marks or claim a cell as free: > 8 2 mine
 |123456789|
-|---------|
1|.........|
2|.....1...|
3|........*|
4|.........|
5|.........|
6|.........|
7|.........|
8|.........|
9|.........|
-|---------|
Set/unset mines marks or claim a cell as free: > 1 6 free
 |123456789|
-|---------|
1|.........|
2|.....1...|
3|........*|
4|.........|
5|.........|
6|1........|
7|.........|
8|.........|
9|.........|
-|---------|
Set/unset mines marks or claim a cell as free: > 9 3 mine
 |123456789|
-|---------|
1|.........|
2|.....1...|
3|.........|
4|.........|
5|.........|
6|1........|
7|.........|
8|.........|
9|.........|
-|---------|
Set/unset mines marks or claim a cell as free: > 3 4 free
 |123456789|
-|---------|
1|/////1.1/|
2|/////111/|
3|/////////|
4|/////111/|
5|/111/1.1/|
6|12.222.1/|
7|.......11|
8|.........|
9|.........|
-|---------|
Set/unset mines marks or claim a cell as free: > 4 7 free
 |123456789|
-|---------|
1|/////1X1/|
2|/////111/|
3|/////////|
4|/////111/|
5|/111/1X1/|
6|12X222.1/|
7|X..X.X.11|
8|.....X..X|
9|.X.X.....|
-|---------|
You stepped on a mine and failed!
?[1;31m
Start test 92?[0m
How many mines do you want on the field? > 10
 |123456789|
-|---------|
1|.........|
2|.........|
3|.........|
4|.........|
5|.........|
6|.........|
7|.........|
8|.........|
9|.........|
-|---------|
Set/unset mines marks or claim a cell as free: > 7 3 free
 |123456789|
-|---------|
1|.........|
2|.........|
3|......1..|
4|.........|
5|.........|
6|.........|
7|.........|
8|.........|
9|.........|
-|---------|
Set/unset mines marks or claim a cell as free: > 7 9 free
 |123456789|
-|---------|
1|.........|
2|.........|
3|......1..|
4|.........|
5|.........|
6|.........|
7|.........|
8|.........|
9|......1..|
-|---------|
Set/unset mines marks or claim a cell as free: > 9 2 free
 |123456789|
-|---------|
1|.....1///|
2|.....1///|
3|.....21//|
4|......111|
5|.........|
6|.........|
7|.........|
8|.........|
9|......1..|
-|---------|
Set/unset mines marks or claim a cell as free: > 6 7 free
 |123456789|
-|---------|
1|.....1///|
2|.....1///|
3|.....21//|
4|......111|
5|.....211.|
6|..2111/1.|
7|..1///11.|
8|..111/1..|
9|....1/1..|
-|---------|
Set/unset mines marks or claim a cell as free: > 9 9 free
 |123456789|
-|---------|
1|.....1///|
2|.....1///|
3|.....21//|
4|......111|
5|.....211.|
6|..2111/1.|
7|..1///11.|
8|..111/1..|
9|....1/1.1|
-|---------|
Set/unset mines marks or claim a cell as free: > 2 3 mine
 |123456789|
-|---------|
1|.....1///|
2|.....1///|
3|.*...21//|
4|......111|
5|.....211.|
6|..2111/1.|
7|..1///11.|
8|..111/1..|
9|....1/1.1|
-|---------|
Set/unset mines marks or claim a cell as free: > 4 2 free
 |123456789|
-|---------|
1|.....1///|
2|...2.1///|
3|.*...21//|
4|......111|
5|.....211.|
6|..2111/1.|
7|..1///11.|
8|..111/1..|
9|....1/1.1|
-|---------|
Set/unset mines marks or claim a cell as free: > 1 3 free
 |123456789|
-|---------|
1|.....1///|
2|...2.1///|
3|1*...21//|
4|......111|
5|.....211.|
6|..2111/1.|
7|..1///11.|
8|..111/1..|
9|....1/1.1|
-|---------|
Set/unset mines marks or claim a cell as free: > 5 1 mine
 |123456789|
-|---------|
1|....*1///|
2|...2.1///|
3|1*...21//|
4|......111|
5|.....211.|
6|..2111/1.|
7|..1///11.|
8|..111/1..|
9|....1/1.1|
-|---------|
Set/unset mines marks or claim a cell as free: > 8 9 mine
 |123456789|
-|---------|
1|....*1///|
2|...2.1///|
3|1*...21//|
4|......111|
5|.....211.|
6|..2111/1.|
7|..1///11.|
8|..111/1..|
9|....1/1*1|
-|---------|
Set/unset mines marks or claim a cell as free: > 4 4 free
 |123456789|
-|---------|
1|....*1///|
2|...2.1///|
3|1*...21//|
4|...1..111|
5|.....211.|
6|..2111/1.|
7|..1///11.|
8|..111/1..|
9|....1/1*1|
-|---------|
Set/unset mines marks or claim a cell as free: > 5 1 mine
 |123456789|
-|---------|
1|.....1///|
2|...2.1///|
3|1*...21//|
4|...1..111|
5|.....211.|
6|..2111/1.|
7|..1///11.|
8|..111/1..|
9|....1/1*1|
-|---------|
Set/unset mines marks or claim a cell as free: > 2 8 free
 |123456789|
-|---------|
1|.....1///|
2|...2.1///|
3|1*...21//|
4|...1..111|
5|.....211.|
6|..2111/1.|
7|111///11.|
8|//111/1..|
9|//1.1/1*1|
-|---------|
Set/unset mines marks or claim a cell as free: > 1 6 free
 |123456789|
-|---------|
1|.....1///|
2|...2.1///|
3|1*...21//|
4|...1..111|
5|.....211.|
6|2.2111/1.|
7|111///11.|
8|//111/1..|
9|//1.1/1*1|
-|---------|
Set/unset mines marks or claim a cell as free: > 4 9 mine
 |123456789|
-|---------|
1|.....1///|
2|...2.1///|
3|1*...21//|
4|...1..111|
5|.....211.|
6|2.2111/1.|
7|111///11.|
8|//111/1..|
9|//1*1/1*1|
-|---------|
Set/unset mines marks or claim a cell as free: > 4 3 free
 |123456789|
-|---------|
1|.....1///|
2|...2.1///|
3|1*.1.21//|
4|...1..111|
5|.....211.|
6|2.2111/1.|
7|111///11.|
8|//111/1..|
9|//1*1/1*1|
-|---------|
Set/unset mines marks or claim a cell as free: > 3 4 free
 |123456789|
-|---------|
1|.....1///|
2|...2.1///|
3|1*.1.21//|
4|..11..111|
5|.....211.|
6|2.2111/1.|
7|111///11.|
8|//111/1..|
9|//1*1/1*1|
-|---------|
Set/unset mines marks or claim a cell as free: > 8 8 free
 |123456789|
-|---------|
1|...X.1///|
2|.X.2X1///|
3|1*.1.21//|
4|..11.X111|
5|.X..X211X|
6|2X2111/1.|
7|111///11.|
8|//111/1X.|
9|//1X1/1*1|
-|---------|
You stepped on a mine and failed!
?[1;31m
Start test 93?[0m
How many mines do you want on the field? > 15
 |123456789|
-|---------|
1|.........|
2|.........|
3|.........|
4|.........|
5|.........|
6|.........|
7|.........|
8|.........|
9|.........|
-|---------|
Set/unset mines marks or claim a cell as free: > 7 6 mine
 |123456789|
-|---------|
1|.........|
2|.........|
3|.........|
4|.........|
5|.........|
6|......*..|
7|.........|
8|.........|
9|.........|
-|---------|
Set/unset mines marks or claim a cell as free: > 3 6 free
 |123456789|
-|---------|
1|.........|
2|.........|
3|.........|
4|.........|
5|.........|
6|..1...*..|
7|.........|
8|.........|
9|.........|
-|---------|
Set/unset mines marks or claim a cell as free: > 9 8 free
 |123456789|
-|---------|
1|.........|
2|.........|
3|.........|
4|.........|
5|.........|
6|..1...*..|
7|.......22|
8|.......1/|
9|.......1/|
-|---------|
Set/unset mines marks or claim a cell as free: > 8 1 free
 |123456789|
-|---------|
1|.......1.|
2|.........|
3|.........|
4|.........|
5|.........|
6|..1...*..|
7|.......22|
8|.......1/|
9|.......1/|
-|---------|
Set/unset mines marks or claim a cell as free: > 3 5 free
 |123456789|
-|---------|
1|.......1.|
2|.........|
3|.........|
4|.........|
5|..1......|
6|..1...*..|
7|.......22|
8|.......1/|
9|.......1/|
-|---------|
Set/unset mines marks or claim a cell as free: > 4 6 free
 |123456789|
-|---------|
1|.......1.|
2|.........|
3|.........|
4|.........|
5|..1......|
6|..12..*..|
7|.......22|
8|.......1/|
9|.......1/|
-|---------|
Set/unset mines marks or claim a cell as free: > 7 6 mine
 |123456789|
-|---------|
1|.......1.|
2|.........|
3|.........|
4|.........|
5|..1......|
6|..12.....|
7|.......22|
8|.......1/|
9|.......1/|
-|---------|
Set/unset mines marks or claim a cell as free: > 1 3 mine
 |123456789|
-|---------|
1|.......1.|
2|.........|
3|*........|
4|.........|
5|..1......|
6|..12.....|
7|.......22|
8|.......1/|
9|.......1/|
-|---------|
Set/unset mines marks or claim a cell as free: > 6 3 free
 |123456789|
-|---------|
1|.......1.|
2|.........|
3|*....1...|
4|.........|
5|..1......|
6|..12.....|
7|.......22|
8|.......1/|
9|.......1/|
-|---------|
Set/unset mines marks or claim a cell as free: > 1 8 free
 |123456789|
-|---------|
1|.......1.|
2|.........|
3|113..1...|
4|//2......|
5|//1......|
6|//12.....|
7|/11....22|
8|/2.....1/|
9|/2.....1/|
-|---------|
Set/unset mines marks or claim a cell as free: > 9 5 mine
 |123456789|
-|---------|
1|.......1.|
2|.........|
3|113..1...|
4|//2......|
5|//1.....*|
6|//12.....|
7|/11....22|
8|/2.....1/|
9|/2.....1/|
-|---------|
Set/unset mines marks or claim a cell as free: > 6 1 free
 |123456789|
-|---------|
1|....1/11.|
2|....2/2..|
3|113.312..|
4|//2......|
5|//1.....*|
6|//12.....|
7|/11....22|
8|/2.....1/|
9|/2.....1/|
-|---------|
Set/unset mines marks or claim a cell as free: > 9 5 mine
 |123456789|
-|---------|
1|....1/11.|
2|....2/2..|
3|113.312..|
4|//2......|
5|//1......|
6|//12.....|
7|/11....22|
8|/2.....1/|
9|/2.....1/|
-|---------|
Set/unset mines marks or claim a cell as free: > 4 1 mine
 |123456789|
-|---------|
1|...*1/11.|
2|....2/2..|
3|113.312..|
4|//2......|
5|//1......|
6|//12.....|
7|/11....22|
8|/2.....1/|
9|/2.....1/|
-|---------|
Set/unset mines marks or claim a cell as free: > 6 6 mine
 |123456789|
-|---------|
1|...*1/11.|
2|....2/2..|
3|113.312..|
4|//2......|
5|//1......|
6|//12.*...|
7|/11....22|
8|/2.....1/|
9|/2.....1/|
-|---------|
Set/unset mines marks or claim a cell as free: > 8 4 mine
 |123456789|
-|---------|
1|...*1/11.|
2|....2/2..|
3|113.312..|
4|//2....*.|
5|//1......|
6|//12.*...|
7|/11....22|
8|/2.....1/|
9|/2.....1/|
-|---------|
Set/unset mines marks or claim a cell as free: > 4 7 free
 |123456789|
-|---------|
1|...*1/11.|
2|....2/2..|
3|113.312..|
4|//2....*.|
5|//1......|
6|//12.*...|
7|/111...22|
8|/2.....1/|
9|/2.....1/|
-|---------|
Set/unset mines marks or claim a cell as free: > 8 4 mine
 |123456789|
-|---------|
1|...*1/11.|
2|....2/2..|
3|113.312..|
4|//2......|
5|//1......|
6|//12.*...|
7|/111...22|
8|/2.....1/|
9|/2.....1/|
-|---------|
Set/unset mines marks or claim a cell as free: > 7 9 free
 |123456789|
-|---------|
1|...*1/11.|
2|.X.X2/2X.|
3|113X312X.|
4|//2.X....|
5|//1XX...X|
6|//12.*.XX|
7|/111...22|
8|/2X....1/|
9|/2XX..X1/|
-|---------|
You stepped on a mine and failed!
?[1;31m
Start test 94?[0m
How many mines do you want on the field? > 15
 |123456789|
-|---------|
1|.........|
2|.........|
3|.........|
4|.........|
5|.........|
6|.........|
7|.........|
8|.........|
9|.........|
-|---------|
Set/unset mines marks or claim a cell as free: > 1 9 mine
 |123456789|
-|---------|
1|.........|
2|.........|
3|.........|
4|.........|
5|.........|
6|.........|
7|.........|
8|.........|
9|*........|
-|---------|
Set/unset mines marks or claim a cell as free: > 2 5 mine
 |123456789|
-|---------|
1|.........|
2|.........|
3|.........|
4|.........|
5|.*.......|
6|.........|
7|.........|
8|.........|
9|*........|
-|---------|
Set/unset mines marks or claim a cell as free: > 2 8 mine
 |123456789|
-|---------|
1|.........|
2|.........|
3|.........|
4|.........|
5|.*.......|
6|.........|
7|.........|
8|.*.......|
9|*........|
-|---------|
Set/unset mines marks or claim a cell as free: > 5 9 mine
 |123456789|
-|---------|
1|.........|
2|.........|
3|.........|
4|.........|
5|.*.......|
6|.........|
7|.........|
8|.*.......|
9|*...*....|
-|---------|
Set/unset mines marks or claim a cell as free: > 5 6 free
 |123456789|
-|---------|
1|.........|
2|.........|
3|.........|
4|.........|
5|.*.......|
6|....3....|
7|.........|
8|.*.......|
9|*...*....|
-|---------|
Set/unset mines marks or claim a cell as free: > 6 7 free
 |123456789|
-|---------|
1|.........|
2|.........|
3|.........|
4|.........|
5|.*.......|
6|....3....|
7|.....2...|
8|.*.......|
9|*...*....|
-|---------|
Set/unset mines marks or claim a cell as free: > 1 7 free
 |123456789|
-|---------|
1|.....X...|
2|..X......|
3|.X..X..X.|
4|..X......|
5|.*..X....|
6|...X3X..X|
7|X....2...|
8|.*..X..XX|
9|*...X....|
-|---------|
You stepped on a mine and failed!
?[1;31m
Start test 95?[0m
How many mines do you want on the field? > 20
 |123456789|
-|---------|
1|.........|
2|.........|
3|.........|
4|.........|
5|.........|
6|.........|
7|.........|
8|.........|
9|.........|
-|---------|
Set/unset mines marks or claim a cell as free: > 5 4 free
 |123456789|
-|---------|
1|XXX..X...|
2|.X......X|
3|..X....X.|
4|....X....|
5|.....X..X|
6|.X.....X.|
7|..X..XXXX|
8|X.....X..|
9|.........|
-|---------|
You stepped on a mine and failed!
?[1;31m
Start test 96?[0m
How many mines do you want on the field? > 20
 |123456789|
-|---------|
1|.........|
2|.........|
3|.........|
4|.........|
5|.........|
6|.........|
7|.........|
8|.........|
9|.........|
-|---------|
Set/unset mines marks or claim a cell as free: > 2 6 mine
 |123456789|
-|---------|
1|.........|
2|.........|
3|.........|
4|.........|
5|.........|
6|.*.......|
7|.........|
8|.........|
9|.........|
-|---------|
Set/unset mines marks or claim a cell as free: > 2 6 mine
 |123456789|
-|---------|
1|.........|
2|.........|
3|.........|
4|.........|
5|.........|
6|.........|
7|.........|
8|.........|
9|.........|
-|---------|
Set/unset mines marks or claim a cell as free: > 3 9 mine
 |123456789|
-|---------|
1|.........|
2|.........|
3|.........|
4|.........|
5|.........|
6|.........|
7|.........|
8|.........|
9|..*......|
-|---------|
Set/unset mines marks or claim a cell as free: > 1 5 free
 |123456789|
-|---------|
1|.........|
2|.........|
3|.........|
4|11.......|
5|/1.......|
6|/1.......|
7|12.......|
8|.........|
9|..*......|
-|---------|
Set/unset mines marks or claim a cell as free: > 2 2 free
 |123456789|
-|---------|
1|.........|
2|.2.......|
3|.........|
4|11.......|
5|/1.......|
6|/1.......|
7|12.......|
8|.........|
9|..*......|
-|---------|
Set/unset mines marks or claim a cell as free: > 1 9 free
 |123456789|
-|---------|
1|.........|
2|.2.......|
3|.........|
4|11.......|
5|/1.......|
6|/1.......|
7|12.......|
8|.........|
9|2.*......|
-|---------|
Set/unset mines marks or claim a cell as free: > 4 8 free
 |123456789|
-|---------|
1|.........|
2|.2.......|
3|.........|
4|11.......|
5|/1.......|
6|/1.......|
7|12.......|
8|...3.....|
9|2.*......|
-|---------|
Set/unset mines marks or claim a cell as free: > 3 9 mine
 |123456789|
-|---------|
1|.........|
2|.2.......|
3|.........|
4|11.......|
5|/1.......|
6|/1.......|
7|12.......|
8|...3.....|
9|2........|
-|---------|
Set/unset mines marks or claim a cell as free: > 7 7 mine
 |123456789|
-|---------|
1|.........|
2|.2.......|
3|.........|
4|11.......|
5|/1.......|
6|/1.......|
7|12....*..|
8|...3.....|
9|2........|
-|---------|
Set/unset mines marks or claim a cell as free: > 9 3 mine
 |123456789|
-|---------|
1|.........|
2|.2.......|
3|........*|
4|11.......|
5|/1.......|
6|/1.......|
7|12....*..|
8|...3.....|
9|2........|
-|---------|
Set/unset mines marks or claim a cell as free: > 9 3 mine
 |123456789|
-|---------|
1|.........|
2|.2.......|
3|.........|
4|11.......|
5|/1.......|
6|/1.......|
7|12....*..|
8|...3.....|
9|2........|
-|---------|
Set/unset mines marks or claim a cell as free: > 5 9 mine
 |123456789|
-|---------|
1|.........|
2|.2.......|
3|.........|
4|11.......|
5|/1.......|
6|/1.......|
7|12....*..|
8|...3.....|
9|2...*....|
-|---------|
Set/unset mines marks or claim a cell as free: > 7 3 free
 |123456789|
-|---------|
1|.........|
2|.2.......|
3|......1..|
4|11.......|
5|/1.......|
6|/1.......|
7|12....*..|
8|...3.....|
9|2...*....|
-|---------|
Set/unset mines marks or claim a cell as free: > 9 2 free
 |123456789|
-|---------|
1|.....1///|
2|.2...31//|
3|......1//|
4|11....31/|
5|/1.....31|
6|/1.......|
7|12....*..|
8|...3.....|
9|2...*....|
-|---------|
Set/unset mines marks or claim a cell as free: > 5 9 mine
 |123456789|
-|---------|
1|.....1///|
2|.2...31//|
3|......1//|
4|11....31/|
5|/1.....31|
6|/1.......|
7|12....*..|
8|...3.....|
9|2........|
-|---------|
Set/unset mines marks or claim a cell as free: > 7 7 mine
 |123456789|
-|---------|
1|.....1///|
2|.2...31//|
3|......1//|
4|11....31/|
5|/1.....31|
6|/1.......|
7|12.......|
8|...3.....|
9|2........|
-|---------|
Set/unset mines marks or claim a cell as free: > 6 5 mine
 |123456789|
-|---------|
1|.....1///|
2|.2...31//|
3|......1//|
4|11....31/|
5|/1...*.31|
6|/1.......|
7|12.......|
8|...3.....|
9|2........|
-|---------|
Set/unset mines marks or claim a cell as free: > 6 5 mine
 |123456789|
-|---------|
1|.....1///|
2|.2...31//|
3|......1//|
4|11....31/|
5|/1.....31|
6|/1.......|
7|12.......|
8|...3.....|
9|2........|
-|---------|
Set/unset mines marks or claim a cell as free: > 8 6 free
 |123456789|
-|---------|
1|.....1///|
2|.2...31//|
3|......1//|
4|11....31/|
5|/1.....31|
6|/1.....3.|
7|12.......|
8|...3.....|
9|2........|
-|---------|
Set/unset mines marks or claim a cell as free: > 5 9 mine
 |123456789|
-|---------|
1|.....1///|
2|.2...31//|
3|......1//|
4|11....31/|
5|/1.....31|
6|/1.....3.|
7|12.......|
8|...3.....|
9|2...*....|
-|---------|
Set/unset mines marks or claim a cell as free: > 9 7 free
 |123456789|
-|---------|
1|.....1///|
2|.2...31//|
3|......1//|
4|11....31/|
5|/1.....31|
6|/1.....3.|
7|12......2|
8|...3.....|
9|2...*....|
-|---------|
Set/unset mines marks or claim a cell as free: > 7 5 mine
 |123456789|
-|---------|
1|.....1///|
2|.2...31//|
3|......1//|
4|11....31/|
5|/1....*31|
6|/1.....3.|
7|12......2|
8|...3.....|
9|2...*....|
-|---------|
Set/unset mines marks or claim a cell as free: > 3 6 free
 |123456789|
-|---------|
1|.X.XX1///|
2|.2...31//|
3|.X..XX1//|
4|11....31/|
5|/1.XXXX31|
6|/1XX..X3X|
7|12.XX...2|
8|X..3X...X|
9|2X..*....|
-|---------|
You stepped on a mine and failed!
?[1;31m
Start test 97?[0m
How many mines do you want on the field? > 25
 |123456789|
-|---------|
1|.........|
2|.........|
3|.........|
4|.........|
5|.........|
6|.........|
7|.........|
8|.........|
9|.........|
-|---------|
Set/unset mines marks or claim a cell as free: > 5 6 free
 |123456789|
-|---------|
1|XX...X.X.|
2|....XXX.X|
3|X.......X|
4|..X....X.|
5|X....X...|
6|X...X....|
7|....XXX.X|
8|..X....X.|
9|....XXX..|
-|---------|
You stepped on a mine and failed!
?[1;31m
Start test 98?[0m
How many mines do you want on the field? > 25
 |123456789|
-|---------|
1|.........|
2|.........|
3|.........|
4|.........|
5|.........|
6|.........|
7|.........|
8|.........|
9|.........|
-|---------|
Set/unset mines marks or claim a cell as free: > 7 4 free
 |123456789|
-|---------|
1|XX.X...X.|
2|...X.....|
3|XX......X|
4|.X....X.X|
5|....X..X.|
6|X.XX.XX..|
7|..X.XX..X|
8|.XX..X...|
9|.........|
-|---------|
You stepped on a mine and failed!
?[1;31m
Start test 99?[0m
How many mines do you want on the field? > 30
 |123456789|
-|---------|
1|.........|
2|.........|
3|.........|
4|.........|
5|.........|
6|.........|
7|.........|
8|.........|
9|.........|
-|---------|
Set/unset mines marks or claim a cell as free: > 8 9 free
 |123456789|
-|---------|
1|.........|
2|.........|
3|.........|
4|.........|
5|.........|
6|.........|
7|.........|
8|.........|
9|.......2.|
-|---------|
Set/unset mines marks or claim a cell as free: > 4 1 mine
 |123456789|
-|---------|
1|...*.....|
2|.........|
3|.........|
4|.........|
5|.........|
6|.........|
7|.........|
8|.........|
9|.......2.|
-|---------|
Set/unset mines marks or claim a cell as free: > 8 5 mine
 |123456789|
-|---------|
1|...*.....|
2|.........|
3|.........|
4|.........|
5|.......*.|
6|.........|
7|.........|
8|.........|
9|.......2.|
-|---------|
Set/unset mines marks or claim a cell as free: > 5 2 free
 |123456789|
-|---------|
1|...*.....|
2|....2....|
3|.........|
4|.........|
5|.......*.|
6|.........|
7|.........|
8|.........|
9|.......2.|
-|---------|
Set/unset mines marks or claim a cell as free: > 5 5 mine
 |123456789|
-|---------|
1|...*.....|
2|....2....|
3|.........|
4|.........|
5|....*..*.|
6|.........|
7|.........|
8|.........|
9|.......2.|
-|---------|
Set/unset mines marks or claim a cell as free: > 2 7 free
 |123456789|
-|---------|
1|...*.....|
2|....2....|
3|.........|
4|.........|
5|....*..*.|
6|.........|
7|.5.......|
8|.........|
9|.......2.|
-|---------|
Set/unset mines marks or claim a cell as free: > 8 5 mine
 |123456789|
-|---------|
1|...*.....|
2|....2....|
3|.........|
4|.........|
5|....*....|
6|.........|
7|.5.......|
8|.........|
9|.......2.|
-|---------|
Set/unset mines marks or claim a cell as free: > 5 1 free
 |123456789|
-|---------|
1|X..XX..XX|
2|..X.2...X|
3|XX....X..|
4|..XXXX...|
5|...X*X..X|
6|..X.X....|
7|X5XX...X.|
8|X.X.XXX..|
9|..X...X2.|
-|---------|
You stepped on a mine and failed!
?[1;31m
Start test 100?[0m
How many mines do you want on the field? > 30
 |123456789|
-|---------|
1|.........|
2|.........|
3|.........|
4|.........|
5|.........|
6|.........|
7|.........|
8|.........|
9|.........|
-|---------|
Set/unset mines marks or claim a cell as free: > 2 4 free
 |123456789|
-|---------|
1|.........|
2|.........|
3|.........|
4|.6.......|
5|.........|
6|.........|
7|.........|
8|.........|
9|.........|
-|---------|
Set/unset mines marks or claim a cell as free: > 4 7 free
 |123456789|
-|---------|
1|.X..X..X.|
2|...X.....|
3|XXX....XX|
4|X6.......|
5|X.X.X..X.|
6|.XX.....X|
7|X..X.XX..|
8|XXXX..X..|
9|XX..X.X..|
-|---------|
You stepped on a mine and failed!
?[1;31m
Start test 101?[0m
How many mines do you want on the field? > 35
 |123456789|
-|---------|
1|.........|
2|.........|
3|.........|
4|.........|
5|.........|
6|.........|
7|.........|
8|.........|
9|.........|
-|---------|
Set/unset mines marks or claim a cell as free: > 6 3 free
 |123456789|
-|---------|
1|....X.XX.|
2|X..X.....|
3|..XX.XXX.|
4|..XX...XX|
5|XXXX..X..|
6|.X..X...X|
7|..XXXX.X.|
8|.XX.XXXX.|
9|..X.....X|
-|---------|
You stepped on a mine and failed!
?[1;31m
Start test 102?[0m
How many mines do you want on the field? > 35
 |123456789|
-|---------|
1|.........|
2|.........|
3|.........|
4|.........|
5|.........|
6|.........|
7|.........|
8|.........|
9|.........|
-|---------|
Set/unset mines marks or claim a cell as free: > 1 9 mine
 |123456789|
-|---------|
1|.........|
2|.........|
3|.........|
4|.........|
5|.........|
6|.........|
7|.........|
8|.........|
9|*........|
-|---------|
Set/unset mines marks or claim a cell as free: > 6 9 mine
 |123456789|
-|---------|
1|.........|
2|.........|
3|.........|
4|.........|
5|.........|
6|.........|
7|.........|
8|.........|
9|*....*...|
-|---------|
Set/unset mines marks or claim a cell as free: > 6 4 free
 |123456789|
-|---------|
1|.........|
2|.........|
3|.........|
4|.....4...|
5|.........|
6|.........|
7|.........|
8|.........|
9|*....*...|
-|---------|
Set/unset mines marks or claim a cell as free: > 1 9 mine
 |123456789|
-|---------|
1|.........|
2|.........|
3|.........|
4|.....4...|
5|.........|
6|.........|
7|.........|
8|.........|
9|.....*...|
-|---------|
Set/unset mines marks or claim a cell as free: > 6 2 mine
 |123456789|
-|---------|
1|.........|
2|.....*...|
3|.........|
4|.....4...|
5|.........|
6|.........|
7|.........|
8|.........|
9|.....*...|
-|---------|
Set/unset mines marks or claim a cell as free: > 3 2 free
 |123456789|
-|---------|
1|....X.X..|
2|..X..XXXX|
3|XXX.XX..X|
4|X....4X..|
5|.XX...XX.|
6|.X....XX.|
7|..X.XX.X.|
8|X...X.X..|
9|.XXXX*X.X|
-|---------|
You stepped on a mine and failed!
?[1;31m
Start test 103?[0m
How many mines do you want on the field? > 40
 |123456789|
-|---------|
1|.........|
2|.........|
3|.........|
4|.........|
5|.........|
6|.........|
7|.........|
8|.........|
9|.........|
-|---------|
Set/unset mines marks or claim a cell as free: > 6 7 free
 |123456789|
-|---------|
1|.........|
2|.........|
3|.........|
4|.........|
5|.........|
6|.........|
7|.....2...|
8|.........|
9|.........|
-|---------|
Set/unset mines marks or claim a cell as free: > 9 7 free
 |123456789|
-|---------|
1|.........|
2|.........|
3|.........|
4|.........|
5|.........|
6|.........|
7|.....2..3|
8|.........|
9|.........|
-|---------|
Set/unset mines marks or claim a cell as free: > 9 5 free
 |123456789|
-|---------|
1|XX....X.X|
2|.XX.X.X..|
3|.X.XX..X.|
4|.XX...X.X|
5|XXX...X.X|
6|XX.....XX|
7|.XXXX2..3|
8|XX.XX..X.|
9|XXXXX.X..|
-|---------|
You stepped on a mine and failed!
?[1;31m
Start test 104?[0m
How many mines do you want on the field? > 40
 |123456789|
-|---------|
1|.........|
2|.........|
3|.........|
4|.........|
5|.........|
6|.........|
7|.........|
8|.........|
9|.........|
-|---------|
Set/unset mines marks or claim a cell as free: > 4 2 mine
 |123456789|
-|---------|
1|.........|
2|...*.....|
3|.........|
4|.........|
5|.........|
6|.........|
7|.........|
8|.........|
9|.........|
-|---------|
Set/unset mines marks or claim a cell as free: > 6 7 free
 |123456789|
-|---------|
1|.........|
2|...*.....|
3|.........|
4|.........|
5|.........|
6|.........|
7|.....6...|
8|.........|
9|.........|
-|---------|
Set/unset mines marks or claim a cell as free: > 4 2 mine
 |123456789|
-|---------|
1|.........|
2|.........|
3|.........|
4|.........|
5|.........|
6|.........|
7|.....6...|
8|.........|
9|.........|
-|---------|
Set/unset mines marks or claim a cell as free: > 6 8 mine
 |123456789|
-|---------|
1|.........|
2|.........|
3|.........|
4|.........|
5|.........|
6|.........|
7|.....6...|
8|.....*...|
9|.........|
-|---------|
Set/unset mines marks or claim a cell as free: > 9 5 mine
 |123456789|
-|---------|
1|.........|
2|.........|
3|.........|
4|.........|
5|........*|
6|.........|
7|.....6...|
8|.....*...|
9|.........|
-|---------|
Set/unset mines marks or claim a cell as free: > 7 1 mine
 |123456789|
-|---------|
1|......*..|
2|.........|
3|.........|
4|.........|
5|........*|
6|.........|
7|.....6...|
8|.....*...|
9|.........|
-|---------|
Set/unset mines marks or claim a cell as free: > 3 4 mine
 |123456789|
-|---------|
1|......*..|
2|.........|
3|.........|
4|..*......|
5|........*|
6|.........|
7|.....6...|
8|.....*...|
9|.........|
-|---------|
Set/unset mines marks or claim a cell as free: > 3 4 mine
 |123456789|
-|---------|
1|......*..|
2|.........|
3|.........|
4|.........|
5|........*|
6|.........|
7|.....6...|
8|.....*...|
9|.........|
-|---------|
Set/unset mines marks or claim a cell as free: > 7 1 mine
 |123456789|
-|---------|
1|.........|
2|.........|
3|.........|
4|.........|
5|........*|
6|.........|
7|.....6...|
8|.....*...|
9|.........|
-|---------|
Set/unset mines marks or claim a cell as free: > 9 5 mine
 |123456789|
-|---------|
1|.........|
2|.........|
3|.........|
4|.........|
5|.........|
6|.........|
7|.....6...|
8|.....*...|
9|.........|
-|---------|
Set/unset mines marks or claim a cell as free: > 5 7 mine
 |123456789|
-|---------|
1|.........|
2|.........|
3|.........|
4|.........|
5|.........|
6|.........|
7|....*6...|
8|.....*...|
9|.........|
-|---------|
Set/unset mines marks or claim a cell as free: > 6 8 mine
 |123456789|
-|---------|
1|.........|
2|.........|
3|.........|
4|.........|
5|.........|
6|.........|
7|....*6...|
8|.........|
9|.........|
-|---------|
Set/unset mines marks or claim a cell as free: > 5 7 mine
 |123456789|
-|---------|
1|.........|
2|.........|
3|.........|
4|.........|
5|.........|
6|.........|
7|.....6...|
8|.........|
9|.........|
-|---------|
Set/unset mines marks or claim a cell as free: > 9 7 free
 |123456789|
-|---------|
1|XX.XXX..X|
2|..XX.X..X|
3|XX.X.XX.X|
4|X..XX..X.|
5|....X..X.|
6|X...XXXXX|
7|X.X.X6..X|
8|.XX.X.X..|
9|...XXX..X|
-|---------|
You stepped on a mine and failed!
?[1;31m
Start test 105?[0m
How many mines do you want on the field? > 45
 |123456789|
-|---------|
1|.........|
2|.........|
3|.........|
4|.........|
5|.........|
6|.........|
7|.........|
8|.........|
9|.........|
-|---------|
Set/unset mines marks or claim a cell as free: > 8 9 mine
 |123456789|
-|---------|
1|.........|
2|.........|
3|.........|
4|.........|
5|.........|
6|.........|
7|.........|
8|.........|
9|.......*.|
-|---------|
Set/unset mines marks or claim a cell as free: > 1 1 free
 |123456789|
-|---------|
1|X.XX....X|
2|.X.XX.XXX|
3|..XXX..XX|
4|...X...XX|
5|X....X..X|
6|XX.XXXXXX|
7|X...X.XX.|
8|X.X.XX.X.|
9|.XXXX.XXX|
-|---------|
You stepped on a mine and failed!
?[1;31m
Start test 106?[0m
How many mines do you want on the field? > 45
 |123456789|
-|---------|
1|.........|
2|.........|
3|.........|
4|.........|
5|.........|
6|.........|
7|.........|
8|.........|
9|.........|
-|---------|
Set/unset mines marks or claim a cell as free: > 3 4 free
 |123456789|
-|---------|
1|...XXXX..|
2|XXXX..XXX|
3|X..XX.X.X|
4|XXXXX.X..|
5|....XX.X.|
6|....X..X.|
7|.X.XXXX..|
8|XXXXXXXX.|
9|X..XXX.X.|
-|---------|
You stepped on a mine and failed!
?[1;31m
Start test 107?[0m
How many mines do you want on the field? > 50
 |123456789|
-|---------|
1|.........|
2|.........|
3|.........|
4|.........|
5|.........|
6|.........|
7|.........|
8|.........|
9|.........|
-|---------|
Set/unset mines marks or claim a cell as free: > 7 5 free
 |123456789|
-|---------|
1|.........|
2|.........|
3|.........|
4|.........|
5|......3..|
6|.........|
7|.........|
8|.........|
9|.........|
-|---------|
Set/unset mines marks or claim a cell as free: > 8 2 mine
 |123456789|
-|---------|
1|.........|
2|.......*.|
3|.........|
4|.........|
5|......3..|
6|.........|
7|.........|
8|.........|
9|.........|
-|---------|
Set/unset mines marks or claim a cell as free: > 6 1 mine
 |123456789|
-|---------|
1|.....*...|
2|.......*.|
3|.........|
4|.........|
5|......3..|
6|.........|
7|.........|
8|.........|
9|.........|
-|---------|
Set/unset mines marks or claim a cell as free: > 8 2 mine
 |123456789|
-|---------|
1|.....*...|
2|.........|
3|.........|
4|.........|
5|......3..|
6|.........|
7|.........|
8|.........|
9|.........|
-|---------|
Set/unset mines marks or claim a cell as free: > 5 1 free
 |123456789|
-|---------|
1|.X..XXXX.|
2|XXX..XXX.|
3|..XX.XX.X|
4|X.X.XX..X|
5|...XXX3.X|
6|XX.XX..XX|
7|...XXXXXX|
8|XXX.XX.XX|
9|X.XX.XXX.|
-|---------|
You stepped on a mine and failed!
?[1;31m
Start test 108?[0m
How many mines do you want on the field? > 50
 |123456789|
-|---------|
1|.........|
2|.........|
3|.........|
4|.........|
5|.........|
6|.........|
7|.........|
8|.........|
9|.........|
-|---------|
Set/unset mines marks or claim a cell as free: > 1 5 free
 |123456789|
-|---------|
1|.........|
2|.........|
3|.........|
4|.........|
5|4........|
6|.........|
7|.........|
8|.........|
9|.........|
-|---------|
Set/unset mines marks or claim a cell as free: > 9 4 free
 |123456789|
-|---------|
1|.........|
2|.........|
3|.........|
4|........2|
5|4........|
6|.........|
7|.........|
8|.........|
9|.........|
-|---------|
Set/unset mines marks or claim a cell as free: > 5 8 mine
 |123456789|
-|---------|
1|.........|
2|.........|
3|.........|
4|........2|
5|4........|
6|.........|
7|.........|
8|....*....|
9|.........|
-|---------|
Set/unset mines marks or claim a cell as free: > 5 8 mine
 |123456789|
-|---------|
1|.........|
2|.........|
3|.........|
4|........2|
5|4........|
6|.........|
7|.........|
8|.........|
9|.........|
-|---------|
Set/unset mines marks or claim a cell as free: > 8 9 free
 |123456789|
-|---------|
1|..XXXXX.X|
2|.X..XX.XX|
3|.X.XX..X.|
4|.X..XXX.2|
5|4XXXX.X.X|
6|XX.XXX..X|
7|X..XXXXXX|
8|..X..XXXX|
9|XX.XX.XXX|
-|---------|
You stepped on a mine and failed!
?[1;31m
Start test 109?[0m
How many mines do you want on the field? > 55
 |123456789|
-|---------|
1|.........|
2|.........|
3|.........|
4|.........|
5|.........|
6|.........|
7|.........|
8|.........|
9|.........|
-|---------|
Set/unset mines marks or claim a cell as free: > 1 8 free
 |123456789|
-|---------|
1|XXXX.XXX.|
2|XXXXX..X.|
3|X.XXXX.XX|
4|XXXXX.XX.|
5|X..X...X.|
6|...X.XX..|
7|XXXXXXX..|
8|X.XXXXXXX|
9|.XX.XXXXX|
-|---------|
You stepped on a mine and failed!
?[1;31m
Start test 110?[0m
How many mines do you want on the field? > 55
 |123456789|
-|---------|
1|.........|
2|.........|
3|.........|
4|.........|
5|.........|
6|.........|
7|.........|
8|.........|
9|.........|
-|---------|
Set/unset mines marks or claim a cell as free: > 2 8 free
 |123456789|
-|---------|
1|.........|
2|.........|
3|.........|
4|.........|
5|.........|
6|.........|
7|.........|
8|.5.......|
9|.........|
-|---------|
Set/unset mines marks or claim a cell as free: > 5 7 free
 |123456789|
-|---------|
1|.........|
2|.........|
3|.........|
4|.........|
5|.........|
6|.........|
7|....7....|
8|.5.......|
9|.........|
-|---------|
Set/unset mines marks or claim a cell as free: > 9 8 free
 |123456789|
-|---------|
1|XX...XX.X|
2|XXXXXXXXX|
3|...XXXXXX|
4|X.X.XXX..|
5|.XXX.XXXX|
6|....XXXX.|
7|.X.X7XXXX|
8|X5XXXXXXX|
9|XX..XX..X|
-|---------|
You stepped on a mine and failed!
?[1;31m
Start test 111?[0m
How many mines do you want on the field? > 60
 |123456789|
-|---------|
1|.........|
2|.........|
3|.........|
4|.........|
5|.........|
6|.........|
7|.........|
8|.........|
9|.........|
-|---------|
Set/unset mines marks or claim a cell as free: > 3 8 mine
 |123456789|
-|---------|
1|.........|
2|.........|
3|.........|
4|.........|
5|.........|
6|.........|
7|.........|
8|..*......|
9|.........|
-|---------|
Set/unset mines marks or claim a cell as free: > 8 7 free
 |123456789|
-|---------|
1|.XXX.XXX.|
2|XXXXXXXXX|
3|.XXXX.XXX|
4|...XXXXXX|
5|XXXX..X..|
6|X.X.XX.XX|
7|XXXXX.XXX|
8|..XXXXXX.|
9|XXXXXX..X|
-|---------|
You stepped on a mine and failed!
?[1;31m
Start test 112?[0m
How many mines do you want on the field? > 60
 |123456789|
-|---------|
1|.........|
2|.........|
3|.........|
4|.........|
5|.........|
6|.........|
7|.........|
8|.........|
9|.........|
-|---------|
Set/unset mines marks or claim a cell as free: > 6 6 free
 |123456789|
-|---------|
1|.........|
2|.........|
3|.........|
4|.........|
5|.........|
6|.....6...|
7|.........|
8|.........|
9|.........|
-|---------|
Set/unset mines marks or claim a cell as free: > 9 9 mine
 |123456789|
-|---------|
1|.........|
2|.........|
3|.........|
4|.........|
5|.........|
6|.....6...|
7|.........|
8|.........|
9|........*|
-|---------|
Set/unset mines marks or claim a cell as free: > 9 2 free
 |123456789|
-|---------|
1|.........|
2|........2|
3|.........|
4|.........|
5|.........|
6|.....6...|
7|.........|
8|.........|
9|........*|
-|---------|
Set/unset mines marks or claim a cell as free: > 5 1 free
 |123456789|
-|---------|
1|X...XXXX.|
2|XXXX.X.X2|
3|XXXXXX...|
4|XXXXXX..X|
5|XXXX..XXX|
6|XXXXX6XXX|
7|.XX.XXXX.|
8|X.XXXXXXX|
9|XXXXX..XX|
-|---------|
You stepped on a mine and failed!
?[1;31m
Start test 113?[0m
How many mines do you want on the field? > 65
 |123456789|
-|---------|
1|.........|
2|.........|
3|.........|
4|.........|
5|.........|
6|.........|
7|.........|
8|.........|
9|.........|
-|---------|
Set/unset mines marks or claim a cell as free: > 7 6 free
 |123456789|
-|---------|
1|XXXXXXXXX|
2|XXXXXXXXX|
3|XX...XX.X|
4|XX..XXXXX|
5|XXXXX.XXX|
6|X..XXXXXX|
7|XXX..XX.X|
8|X.XXXXXXX|
9|..X.XXXXX|
-|---------|
You stepped on a mine and failed!
?[1;31m
Start test 114?[0m
How many mines do you want on the field? > 65
 |123456789|
-|---------|
1|.........|
2|.........|
3|.........|
4|.........|
5|.........|
6|.........|
7|.........|
8|.........|
9|.........|
-|---------|
Set/unset mines marks or claim a cell as free: > 7 2 free
 |123456789|
-|---------|
1|.........|
2|......8..|
3|.........|
4|.........|
5|.........|
6|.........|
7|.........|
8|.........|
9|.........|
-|---------|
Set/unset mines marks or claim a cell as free: > 3 2 mine
 |123456789|
-|---------|
1|.........|
2|..*...8..|
3|.........|
4|.........|
5|.........|
6|.........|
7|.........|
8|.........|
9|.........|
-|---------|
Set/unset mines marks or claim a cell as free: > 1 3 mine
 |123456789|
-|---------|
1|.........|
2|..*...8..|
3|*........|
4|.........|
5|.........|
6|.........|
7|.........|
8|.........|
9|.........|
-|---------|
Set/unset mines marks or claim a cell as free: > 2 1 mine
 |123456789|
-|---------|
1|.*.......|
2|..*...8..|
3|*........|
4|.........|
5|.........|
6|.........|
7|.........|
8|.........|
9|.........|
-|---------|
Set/unset mines marks or claim a cell as free: > 5 2 free
 |123456789|
-|---------|
1|.*.......|
2|..*.7.8..|
3|*........|
4|.........|
5|.........|
6|.........|
7|.........|
8|.........|
9|.........|
-|---------|
Set/unset mines marks or claim a cell as free: > 9 8 mine
 |123456789|
-|---------|
1|.*.......|
2|..*.7.8..|
3|*........|
4|.........|
5|.........|
6|.........|
7|.........|
8|........*|
9|.........|
-|---------|
Set/unset mines marks or claim a cell as free: > 3 2 mine
 |123456789|
-|---------|
1|.*.......|
2|....7.8..|
3|*........|
4|.........|
5|.........|
6|.........|
7|.........|
8|........*|
9|.........|
-|---------|
Set/unset mines marks or claim a cell as free: > 2 1 mine
 |123456789|
-|---------|
1|.........|
2|....7.8..|
3|*........|
4|.........|
5|.........|
6|.........|
7|.........|
8|........*|
9|.........|
-|---------|
Set/unset mines marks or claim a cell as free: > 3 3 free
 |123456789|
-|---------|
1|XXXX.XXXX|
2|.XXX7X8XX|
3|XXXXXXXXX|
4|.X.XXXX.X|
5|XX.X.XXXX|
6|XXX.X.XXX|
7|XX.XXX.XX|
8|XXXXXX..X|
9|XXXXX.XXX|
-|---------|
You stepped on a mine and failed!
]]></system-out>
  <system-err><![CDATA[]]></system-err>
</testsuite>
